# JRE version: OpenJDK Runtime Environment Temurin-21.0.6+7 (21.0.6+7) (build 21.0.6+7-LTS)
# Java VM: OpenJDK 64-Bit Server VM Temurin-21.0.6+7 (21.0.6+7-LTS, mixed mode, sharing, tiered, compressed oops, compressed class ptrs, parallel gc, windows-amd64)
GC Precious Log:
 CardTable entry size: 512
 CPUs: 20 total, 20 available
 Memory: 24195M
 Large Page Support: Disabled
 NUMA Support: Disabled
 Compressed Oops: Enabled (32-bit)
 Alignments: Space 512K, Generation 512K, Heap 2M
 Heap Min Capacity: 100M
 Heap Initial Capacity: 100M
 Heap Max Capacity: 1G
 Pre-touch: Disabled
 Parallel Workers: 15
Heap:
 PSYoungGen      total 13824K, used 8354K [0x00000000eab00000, 0x00000000ebc00000, 0x0000000100000000)
  eden space 13312K, 59% used [0x00000000eab00000,0x00000000eb2ac3c8,0x00000000eb800000)
  from space 512K, 97% used [0x00000000eba80000,0x00000000ebafc7e0,0x00000000ebb00000)
  to   space 2048K, 0% used [0x00000000eb800000,0x00000000eb800000,0x00000000eba00000)
 ParOldGen       total 97280K, used 97141K [0x00000000c0000000, 0x00000000c5f00000, 0x00000000eab00000)
  object space 97280K, 99% used [0x00000000c0000000,0x00000000c5edd7c0,0x00000000c5f00000)
 Metaspace       used 48582K, committed 49728K, reserved 1114112K
  class space    used 4512K, committed 4992K, reserved 1048576K
GC Heap History (20 events):
Event: 6.615 GC heap before
{Heap before GC invocations=57 (full 2):
 PSYoungGen      total 15360K, used 15329K [0x00000000eab00000, 0x00000000ec180000, 0x0000000100000000)
  eden space 13312K, 100% used [0x00000000eab00000,0x00000000eb800000,0x00000000eb800000)
  from space 2048K, 98% used [0x00000000ebc80000,0x00000000ebe784f8,0x00000000ebe80000)
  to   space 4608K, 0% used [0x00000000eb800000,0x00000000eb800000,0x00000000ebc80000)
 ParOldGen       total 89600K, used 89214K [0x00000000c0000000, 0x00000000c5780000, 0x00000000eab00000)
  object space 89600K, 99% used [0x00000000c0000000,0x00000000c571fb98,0x00000000c5780000)
 Metaspace       used 48115K, committed 49216K, reserved 1114112K
  class space    used 4489K, committed 4992K, reserved 1048576K
}
Event: 6.617 GC heap after
{Heap after GC invocations=57 (full 2):
 PSYoungGen      total 16384K, used 2755K [0x00000000eab00000, 0x00000000ebf00000, 0x0000000100000000)
  eden space 13312K, 0% used [0x00000000eab00000,0x00000000eab00000,0x00000000eb800000)
  from space 3072K, 89% used [0x00000000eb800000,0x00000000ebab0fd0,0x00000000ebb00000)
  to   space 3584K, 0% used [0x00000000ebb80000,0x00000000ebb80000,0x00000000ebf00000)
 ParOldGen       total 91648K, used 91153K [0x00000000c0000000, 0x00000000c5980000, 0x00000000eab00000)
  object space 91648K, 99% used [0x00000000c0000000,0x00000000c5904438,0x00000000c5980000)
 Metaspace       used 48115K, committed 49216K, reserved 1114112K
  class space    used 4489K, committed 4992K, reserved 1048576K
}
Event: 6.648 GC heap before
{Heap before GC invocations=58 (full 2):
 PSYoungGen      total 16384K, used 16067K [0x00000000eab00000, 0x00000000ebf00000, 0x0000000100000000)
  eden space 13312K, 100% used [0x00000000eab00000,0x00000000eb800000,0x00000000eb800000)
  from space 3072K, 89% used [0x00000000eb800000,0x00000000ebab0fd0,0x00000000ebb00000)
  to   space 3584K, 0% used [0x00000000ebb80000,0x00000000ebb80000,0x00000000ebf00000)
 ParOldGen       total 91648K, used 91153K [0x00000000c0000000, 0x00000000c5980000, 0x00000000eab00000)
  object space 91648K, 99% used [0x00000000c0000000,0x00000000c5904438,0x00000000c5980000)
 Metaspace       used 48208K, committed 49344K, reserved 1114112K
  class space    used 4494K, committed 4992K, reserved 1048576K
}
Event: 6.650 GC heap after
{Heap after GC invocations=58 (full 2):
 PSYoungGen      total 15360K, used 1569K [0x00000000eab00000, 0x00000000ebd80000, 0x0000000100000000)
  eden space 13312K, 0% used [0x00000000eab00000,0x00000000eab00000,0x00000000eb800000)
  from space 2048K, 76% used [0x00000000ebb80000,0x00000000ebd087d0,0x00000000ebd80000)
  to   space 2560K, 0% used [0x00000000eb880000,0x00000000eb880000,0x00000000ebb00000)
 ParOldGen       total 94208K, used 93832K [0x00000000c0000000, 0x00000000c5c00000, 0x00000000eab00000)
  object space 94208K, 99% used [0x00000000c0000000,0x00000000c5ba2158,0x00000000c5c00000)
 Metaspace       used 48208K, committed 49344K, reserved 1114112K
  class space    used 4494K, committed 4992K, reserved 1048576K
}
Event: 7.026 GC heap before
{Heap before GC invocations=59 (full 2):
 PSYoungGen      total 15360K, used 14881K [0x00000000eab00000, 0x00000000ebd80000, 0x0000000100000000)
  eden space 13312K, 100% used [0x00000000eab00000,0x00000000eb800000,0x00000000eb800000)
  from space 2048K, 76% used [0x00000000ebb80000,0x00000000ebd087d0,0x00000000ebd80000)
  to   space 2560K, 0% used [0x00000000eb880000,0x00000000eb880000,0x00000000ebb00000)
 ParOldGen       total 94208K, used 93832K [0x00000000c0000000, 0x00000000c5c00000, 0x00000000eab00000)
  object space 94208K, 99% used [0x00000000c0000000,0x00000000c5ba2158,0x00000000c5c00000)
 Metaspace       used 48339K, committed 49408K, reserved 1114112K
  class space    used 4499K, committed 4992K, reserved 1048576K
}
Event: 7.028 GC heap after
{Heap after GC invocations=59 (full 2):
 PSYoungGen      total 14848K, used 1217K [0x00000000eab00000, 0x00000000ebc00000, 0x0000000100000000)
  eden space 13312K, 0% used [0x00000000eab00000,0x00000000eab00000,0x00000000eb800000)
  from space 1536K, 79% used [0x00000000eb880000,0x00000000eb9b0568,0x00000000eba00000)
  to   space 1536K, 0% used [0x00000000eba80000,0x00000000eba80000,0x00000000ebc00000)
 ParOldGen       total 95232K, used 95024K [0x00000000c0000000, 0x00000000c5d00000, 0x00000000eab00000)
  object space 95232K, 99% used [0x00000000c0000000,0x00000000c5ccc278,0x00000000c5d00000)
 Metaspace       used 48339K, committed 49408K, reserved 1114112K
  class space    used 4499K, committed 4992K, reserved 1048576K
}
Event: 7.037 GC heap before
{Heap before GC invocations=60 (full 2):
 PSYoungGen      total 14848K, used 14511K [0x00000000eab00000, 0x00000000ebc00000, 0x0000000100000000)
  eden space 13312K, 99% used [0x00000000eab00000,0x00000000eb7fb9c0,0x00000000eb800000)
  from space 1536K, 79% used [0x00000000eb880000,0x00000000eb9b0568,0x00000000eba00000)
  to   space 1536K, 0% used [0x00000000eba80000,0x00000000eba80000,0x00000000ebc00000)
 ParOldGen       total 95232K, used 95024K [0x00000000c0000000, 0x00000000c5d00000, 0x00000000eab00000)
  object space 95232K, 99% used [0x00000000c0000000,0x00000000c5ccc278,0x00000000c5d00000)
 Metaspace       used 48341K, committed 49408K, reserved 1114112K
  class space    used 4499K, committed 4992K, reserved 1048576K
}
Event: 7.038 GC heap after
{Heap after GC invocations=60 (full 2):
 PSYoungGen      total 13824K, used 225K [0x00000000eab00000, 0x00000000ebb00000, 0x0000000100000000)
  eden space 13312K, 0% used [0x00000000eab00000,0x00000000eab00000,0x00000000eb800000)
  from space 512K, 44% used [0x00000000eba80000,0x00000000ebab87d0,0x00000000ebb00000)
  to   space 1024K, 0% used [0x00000000eb900000,0x00000000eb900000,0x00000000eba00000)
 ParOldGen       total 96256K, used 95832K [0x00000000c0000000, 0x00000000c5e00000, 0x00000000eab00000)
  object space 96256K, 99% used [0x00000000c0000000,0x00000000c5d96040,0x00000000c5e00000)
 Metaspace       used 48341K, committed 49408K, reserved 1114112K
  class space    used 4499K, committed 4992K, reserved 1048576K
}
Event: 7.047 GC heap before
{Heap before GC invocations=61 (full 2):
 PSYoungGen      total 13824K, used 13477K [0x00000000eab00000, 0x00000000ebb00000, 0x0000000100000000)
  eden space 13312K, 99% used [0x00000000eab00000,0x00000000eb7f0c88,0x00000000eb800000)
  from space 512K, 44% used [0x00000000eba80000,0x00000000ebab87d0,0x00000000ebb00000)
  to   space 1024K, 0% used [0x00000000eb900000,0x00000000eb900000,0x00000000eba00000)
 ParOldGen       total 96256K, used 95832K [0x00000000c0000000, 0x00000000c5e00000, 0x00000000eab00000)
  object space 96256K, 99% used [0x00000000c0000000,0x00000000c5d96040,0x00000000c5e00000)
 Metaspace       used 48344K, committed 49472K, reserved 1114112K
  class space    used 4499K, committed 4992K, reserved 1048576K
}
Event: 7.047 GC heap after
{Heap after GC invocations=61 (full 2):
 PSYoungGen      total 14336K, used 192K [0x00000000eab00000, 0x00000000ebb00000, 0x0000000100000000)
  eden space 13312K, 0% used [0x00000000eab00000,0x00000000eab00000,0x00000000eb800000)
  from space 1024K, 18% used [0x00000000eb900000,0x00000000eb930000,0x00000000eba00000)
  to   space 512K, 0% used [0x00000000eba80000,0x00000000eba80000,0x00000000ebb00000)
 ParOldGen       total 96256K, used 95880K [0x00000000c0000000, 0x00000000c5e00000, 0x00000000eab00000)
  object space 96256K, 99% used [0x00000000c0000000,0x00000000c5da2040,0x00000000c5e00000)
 Metaspace       used 48344K, committed 49472K, reserved 1114112K
  class space    used 4499K, committed 4992K, reserved 1048576K
}
Event: 7.055 GC heap before
{Heap before GC invocations=62 (full 2):
 PSYoungGen      total 14336K, used 13465K [0x00000000eab00000, 0x00000000ebb00000, 0x0000000100000000)
  eden space 13312K, 99% used [0x00000000eab00000,0x00000000eb7f6790,0x00000000eb800000)
  from space 1024K, 18% used [0x00000000eb900000,0x00000000eb930000,0x00000000eba00000)
  to   space 512K, 0% used [0x00000000eba80000,0x00000000eba80000,0x00000000ebb00000)
 ParOldGen       total 96256K, used 95880K [0x00000000c0000000, 0x00000000c5e00000, 0x00000000eab00000)
  object space 96256K, 99% used [0x00000000c0000000,0x00000000c5da2040,0x00000000c5e00000)
 Metaspace       used 48353K, committed 49472K, reserved 1114112K
  class space    used 4499K, committed 4992K, reserved 1048576K
}
Event: 7.055 GC heap after
{Heap after GC invocations=62 (full 2):
 PSYoungGen      total 13824K, used 321K [0x00000000eab00000, 0x00000000ebb00000, 0x0000000100000000)
  eden space 13312K, 0% used [0x00000000eab00000,0x00000000eab00000,0x00000000eb800000)
  from space 512K, 62% used [0x00000000eba80000,0x00000000ebad07d0,0x00000000ebb00000)
  to   space 512K, 0% used [0x00000000eba00000,0x00000000eba00000,0x00000000eba80000)
 ParOldGen       total 96256K, used 95928K [0x00000000c0000000, 0x00000000c5e00000, 0x00000000eab00000)
  object space 96256K, 99% used [0x00000000c0000000,0x00000000c5dae040,0x00000000c5e00000)
 Metaspace       used 48353K, committed 49472K, reserved 1114112K
  class space    used 4499K, committed 4992K, reserved 1048576K
}
Event: 7.061 GC heap before
{Heap before GC invocations=63 (full 2):
 PSYoungGen      total 13824K, used 13633K [0x00000000eab00000, 0x00000000ebb00000, 0x0000000100000000)
  eden space 13312K, 100% used [0x00000000eab00000,0x00000000eb800000,0x00000000eb800000)
  from space 512K, 62% used [0x00000000eba80000,0x00000000ebad07d0,0x00000000ebb00000)
  to   space 512K, 0% used [0x00000000eba00000,0x00000000eba00000,0x00000000eba80000)
 ParOldGen       total 96256K, used 95928K [0x00000000c0000000, 0x00000000c5e00000, 0x00000000eab00000)
  object space 96256K, 99% used [0x00000000c0000000,0x00000000c5dae040,0x00000000c5e00000)
 Metaspace       used 48365K, committed 49472K, reserved 1114112K
  class space    used 4499K, committed 4992K, reserved 1048576K
}
Event: 7.062 GC heap after
{Heap after GC invocations=63 (full 2):
 PSYoungGen      total 13824K, used 256K [0x00000000eab00000, 0x00000000ebb00000, 0x0000000100000000)
  eden space 13312K, 0% used [0x00000000eab00000,0x00000000eab00000,0x00000000eb800000)
  from space 512K, 50% used [0x00000000eba00000,0x00000000eba40000,0x00000000eba80000)
  to   space 512K, 0% used [0x00000000eba80000,0x00000000eba80000,0x00000000ebb00000)
 ParOldGen       total 96256K, used 96032K [0x00000000c0000000, 0x00000000c5e00000, 0x00000000eab00000)
  object space 96256K, 99% used [0x00000000c0000000,0x00000000c5dc8040,0x00000000c5e00000)
 Metaspace       used 48365K, committed 49472K, reserved 1114112K
  class space    used 4499K, committed 4992K, reserved 1048576K
}
Event: 7.066 GC heap before
{Heap before GC invocations=64 (full 2):
 PSYoungGen      total 13824K, used 13545K [0x00000000eab00000, 0x00000000ebb00000, 0x0000000100000000)
  eden space 13312K, 99% used [0x00000000eab00000,0x00000000eb7fa5c0,0x00000000eb800000)
  from space 512K, 50% used [0x00000000eba00000,0x00000000eba40000,0x00000000eba80000)
  to   space 512K, 0% used [0x00000000eba80000,0x00000000eba80000,0x00000000ebb00000)
 ParOldGen       total 96256K, used 96032K [0x00000000c0000000, 0x00000000c5e00000, 0x00000000eab00000)
  object space 96256K, 99% used [0x00000000c0000000,0x00000000c5dc8040,0x00000000c5e00000)
 Metaspace       used 48368K, committed 49472K, reserved 1114112K
  class space    used 4499K, committed 4992K, reserved 1048576K
}
Event: 7.066 GC heap after
{Heap after GC invocations=64 (full 2):
 PSYoungGen      total 13824K, used 449K [0x00000000eab00000, 0x00000000ebb00000, 0x0000000100000000)
  eden space 13312K, 0% used [0x00000000eab00000,0x00000000eab00000,0x00000000eb800000)
  from space 512K, 87% used [0x00000000eba80000,0x00000000ebaf07d0,0x00000000ebb00000)
  to   space 512K, 0% used [0x00000000eba00000,0x00000000eba00000,0x00000000eba80000)
 ParOldGen       total 96256K, used 96080K [0x00000000c0000000, 0x00000000c5e00000, 0x00000000eab00000)
  object space 96256K, 99% used [0x00000000c0000000,0x00000000c5dd4040,0x00000000c5e00000)
 Metaspace       used 48368K, committed 49472K, reserved 1114112K
  class space    used 4499K, committed 4992K, reserved 1048576K
}
Event: 7.073 GC heap before
{Heap before GC invocations=65 (full 2):
 PSYoungGen      total 13824K, used 13761K [0x00000000eab00000, 0x00000000ebb00000, 0x0000000100000000)
  eden space 13312K, 100% used [0x00000000eab00000,0x00000000eb800000,0x00000000eb800000)
  from space 512K, 87% used [0x00000000eba80000,0x00000000ebaf07d0,0x00000000ebb00000)
  to   space 512K, 0% used [0x00000000eba00000,0x00000000eba00000,0x00000000eba80000)
 ParOldGen       total 96256K, used 96080K [0x00000000c0000000, 0x00000000c5e00000, 0x00000000eab00000)
  object space 96256K, 99% used [0x00000000c0000000,0x00000000c5dd4040,0x00000000c5e00000)
 Metaspace       used 48374K, committed 49536K, reserved 1114112K
  class space    used 4499K, committed 4992K, reserved 1048576K
}
Event: 7.074 GC heap after
{Heap after GC invocations=65 (full 2):
 PSYoungGen      total 13824K, used 320K [0x00000000eab00000, 0x00000000ebb00000, 0x0000000100000000)
  eden space 13312K, 0% used [0x00000000eab00000,0x00000000eab00000,0x00000000eb800000)
  from space 512K, 62% used [0x00000000eba00000,0x00000000eba50000,0x00000000eba80000)
  to   space 512K, 0% used [0x00000000eba80000,0x00000000eba80000,0x00000000ebb00000)
 ParOldGen       total 96256K, used 96168K [0x00000000c0000000, 0x00000000c5e00000, 0x00000000eab00000)
  object space 96256K, 99% used [0x00000000c0000000,0x00000000c5dea040,0x00000000c5e00000)
 Metaspace       used 48374K, committed 49536K, reserved 1114112K
  class space    used 4499K, committed 4992K, reserved 1048576K
}
Event: 7.917 GC heap before
{Heap before GC invocations=66 (full 2):
 PSYoungGen      total 13824K, used 13632K [0x00000000eab00000, 0x00000000ebb00000, 0x0000000100000000)
  eden space 13312K, 100% used [0x00000000eab00000,0x00000000eb800000,0x00000000eb800000)
  from space 512K, 62% used [0x00000000eba00000,0x00000000eba50000,0x00000000eba80000)
  to   space 512K, 0% used [0x00000000eba80000,0x00000000eba80000,0x00000000ebb00000)
 ParOldGen       total 96256K, used 96168K [0x00000000c0000000, 0x00000000c5e00000, 0x00000000eab00000)
  object space 96256K, 99% used [0x00000000c0000000,0x00000000c5dea040,0x00000000c5e00000)
 Metaspace       used 48493K, committed 49600K, reserved 1114112K
  class space    used 4506K, committed 4992K, reserved 1048576K
}
Event: 7.918 GC heap after
{Heap after GC invocations=66 (full 2):
 PSYoungGen      total 13824K, used 497K [0x00000000eab00000, 0x00000000ebc00000, 0x0000000100000000)
  eden space 13312K, 0% used [0x00000000eab00000,0x00000000eab00000,0x00000000eb800000)
  from space 512K, 97% used [0x00000000eba80000,0x00000000ebafc7e0,0x00000000ebb00000)
  to   space 2048K, 0% used [0x00000000eb800000,0x00000000eb800000,0x00000000eba00000)
 ParOldGen       total 97280K, used 97141K [0x00000000c0000000, 0x00000000c5f00000, 0x00000000eab00000)
  object space 97280K, 99% used [0x00000000c0000000,0x00000000c5edd7c0,0x00000000c5f00000)
 Metaspace       used 48493K, committed 49600K, reserved 1114112K
  class space    used 4506K, committed 4992K, reserved 1048576K
}

