# JRE version: OpenJDK Runtime Environment Temurin-21.0.6+7 (21.0.6+7) (build 21.0.6+7-LTS)
# Java VM: OpenJDK 64-Bit Server VM Temurin-21.0.6+7 (21.0.6+7-LTS, mixed mode, sharing, tiered, compressed oops, compressed class ptrs, parallel gc, windows-amd64)
GC Precious Log:
 CardTable entry size: 512
 CPUs: 20 total, 20 available
 Memory: 24195M
 Large Page Support: Disabled
 NUMA Support: Disabled
 Compressed Oops: Enabled (32-bit)
 Alignments: Space 512K, Generation 512K, Heap 2M
 Heap Min Capacity: 100M
 Heap Initial Capacity: 100M
 Heap Max Capacity: 1G
 Pre-touch: Disabled
 Parallel Workers: 15
Heap:
 PSYoungGen      total 10752K, used 5533K [0x00000000eab00000, 0x00000000eba00000, 0x0000000100000000)
  eden space 6144K, 18% used [0x00000000eab00000,0x00000000eac1b820,0x00000000eb100000)
  from space 4608K, 95% used [0x00000000eb180000,0x00000000eb5cbe90,0x00000000eb600000)
  to   space 4096K, 0% used [0x00000000eb600000,0x00000000eb600000,0x00000000eba00000)
 ParOldGen       total 347136K, used 346935K [0x00000000c0000000, 0x00000000d5300000, 0x00000000eab00000)
  object space 347136K, 99% used [0x00000000c0000000,0x00000000d52cdc68,0x00000000d5300000)
 Metaspace       used 55924K, committed 57216K, reserved 1114112K
  class space    used 5777K, committed 6336K, reserved 1048576K
GC Heap History (20 events):
Event: 10.558 GC heap before
{Heap before GC invocations=307 (full 2):
 PSYoungGen      total 8704K, used 8530K [0x00000000eab00000, 0x00000000eb780000, 0x0000000100000000)
  eden space 6144K, 100% used [0x00000000eab00000,0x00000000eb100000,0x00000000eb100000)
  from space 2560K, 93% used [0x00000000eb500000,0x00000000eb754a78,0x00000000eb780000)
  to   space 2560K, 0% used [0x00000000eb280000,0x00000000eb280000,0x00000000eb500000)
 ParOldGen       total 329216K, used 328992K [0x00000000c0000000, 0x00000000d4180000, 0x00000000eab00000)
  object space 329216K, 99% used [0x00000000c0000000,0x00000000d4148078,0x00000000d4180000)
 Metaspace       used 54566K, committed 55872K, reserved 1114112K
  class space    used 5662K, committed 6208K, reserved 1048576K
}
Event: 10.560 GC heap after
{Heap after GC invocations=307 (full 2):
 PSYoungGen      total 7680K, used 1204K [0x00000000eab00000, 0x00000000eb580000, 0x0000000100000000)
  eden space 6144K, 0% used [0x00000000eab00000,0x00000000eab00000,0x00000000eb100000)
  from space 1536K, 78% used [0x00000000eb280000,0x00000000eb3ad3f8,0x00000000eb400000)
  to   space 1536K, 0% used [0x00000000eb400000,0x00000000eb400000,0x00000000eb580000)
 ParOldGen       total 331264K, used 331189K [0x00000000c0000000, 0x00000000d4380000, 0x00000000eab00000)
  object space 331264K, 99% used [0x00000000c0000000,0x00000000d436d6a0,0x00000000d4380000)
 Metaspace       used 54566K, committed 55872K, reserved 1114112K
  class space    used 5662K, committed 6208K, reserved 1048576K
}
Event: 10.570 GC heap before
{Heap before GC invocations=308 (full 2):
 PSYoungGen      total 7680K, used 7333K [0x00000000eab00000, 0x00000000eb580000, 0x0000000100000000)
  eden space 6144K, 99% used [0x00000000eab00000,0x00000000eb0fc210,0x00000000eb100000)
  from space 1536K, 78% used [0x00000000eb280000,0x00000000eb3ad3f8,0x00000000eb400000)
  to   space 1536K, 0% used [0x00000000eb400000,0x00000000eb400000,0x00000000eb580000)
 ParOldGen       total 331264K, used 331189K [0x00000000c0000000, 0x00000000d4380000, 0x00000000eab00000)
  object space 331264K, 99% used [0x00000000c0000000,0x00000000d436d6a0,0x00000000d4380000)
 Metaspace       used 54579K, committed 55872K, reserved 1114112K
  class space    used 5662K, committed 6208K, reserved 1048576K
}
Event: 10.571 GC heap after
{Heap after GC invocations=308 (full 2):
 PSYoungGen      total 7168K, used 671K [0x00000000eab00000, 0x00000000eb500000, 0x0000000100000000)
  eden space 6144K, 0% used [0x00000000eab00000,0x00000000eab00000,0x00000000eb100000)
  from space 1024K, 65% used [0x00000000eb400000,0x00000000eb4a7f10,0x00000000eb500000)
  to   space 1024K, 0% used [0x00000000eb300000,0x00000000eb300000,0x00000000eb400000)
 ParOldGen       total 332288K, used 331849K [0x00000000c0000000, 0x00000000d4480000, 0x00000000eab00000)
  object space 332288K, 99% used [0x00000000c0000000,0x00000000d44125d0,0x00000000d4480000)
 Metaspace       used 54579K, committed 55872K, reserved 1114112K
  class space    used 5662K, committed 6208K, reserved 1048576K
}
Event: 10.579 GC heap before
{Heap before GC invocations=309 (full 2):
 PSYoungGen      total 7168K, used 6815K [0x00000000eab00000, 0x00000000eb500000, 0x0000000100000000)
  eden space 6144K, 99% used [0x00000000eab00000,0x00000000eb0ffff8,0x00000000eb100000)
  from space 1024K, 65% used [0x00000000eb400000,0x00000000eb4a7f10,0x00000000eb500000)
  to   space 1024K, 0% used [0x00000000eb300000,0x00000000eb300000,0x00000000eb400000)
 ParOldGen       total 332288K, used 331849K [0x00000000c0000000, 0x00000000d4480000, 0x00000000eab00000)
  object space 332288K, 99% used [0x00000000c0000000,0x00000000d44125d0,0x00000000d4480000)
 Metaspace       used 54586K, committed 55872K, reserved 1114112K
  class space    used 5662K, committed 6208K, reserved 1048576K
}
Event: 10.581 GC heap after
{Heap after GC invocations=309 (full 2):
 PSYoungGen      total 7168K, used 1010K [0x00000000eab00000, 0x00000000eb600000, 0x0000000100000000)
  eden space 6144K, 0% used [0x00000000eab00000,0x00000000eab00000,0x00000000eb100000)
  from space 1024K, 98% used [0x00000000eb300000,0x00000000eb3fc8e8,0x00000000eb400000)
  to   space 2048K, 0% used [0x00000000eb400000,0x00000000eb400000,0x00000000eb600000)
 ParOldGen       total 333312K, used 332948K [0x00000000c0000000, 0x00000000d4580000, 0x00000000eab00000)
  object space 333312K, 99% used [0x00000000c0000000,0x00000000d4525050,0x00000000d4580000)
 Metaspace       used 54586K, committed 55872K, reserved 1114112K
  class space    used 5662K, committed 6208K, reserved 1048576K
}
Event: 10.594 GC heap before
{Heap before GC invocations=310 (full 2):
 PSYoungGen      total 7168K, used 7154K [0x00000000eab00000, 0x00000000eb600000, 0x0000000100000000)
  eden space 6144K, 100% used [0x00000000eab00000,0x00000000eb100000,0x00000000eb100000)
  from space 1024K, 98% used [0x00000000eb300000,0x00000000eb3fc8e8,0x00000000eb400000)
  to   space 2048K, 0% used [0x00000000eb400000,0x00000000eb400000,0x00000000eb600000)
 ParOldGen       total 333312K, used 332948K [0x00000000c0000000, 0x00000000d4580000, 0x00000000eab00000)
  object space 333312K, 99% used [0x00000000c0000000,0x00000000d4525050,0x00000000d4580000)
 Metaspace       used 54596K, committed 55872K, reserved 1114112K
  class space    used 5662K, committed 6208K, reserved 1048576K
}
Event: 10.595 GC heap after
{Heap after GC invocations=310 (full 2):
 PSYoungGen      total 8192K, used 2043K [0x00000000eab00000, 0x00000000eb700000, 0x0000000100000000)
  eden space 6144K, 0% used [0x00000000eab00000,0x00000000eab00000,0x00000000eb100000)
  from space 2048K, 99% used [0x00000000eb400000,0x00000000eb5fec70,0x00000000eb600000)
  to   space 3072K, 0% used [0x00000000eb100000,0x00000000eb100000,0x00000000eb400000)
 ParOldGen       total 333824K, used 333685K [0x00000000c0000000, 0x00000000d4600000, 0x00000000eab00000)
  object space 333824K, 99% used [0x00000000c0000000,0x00000000d45dd5e8,0x00000000d4600000)
 Metaspace       used 54596K, committed 55872K, reserved 1114112K
  class space    used 5662K, committed 6208K, reserved 1048576K
}
Event: 10.606 GC heap before
{Heap before GC invocations=311 (full 2):
 PSYoungGen      total 8192K, used 8047K [0x00000000eab00000, 0x00000000eb700000, 0x0000000100000000)
  eden space 6144K, 97% used [0x00000000eab00000,0x00000000eb0dd100,0x00000000eb100000)
  from space 2048K, 99% used [0x00000000eb400000,0x00000000eb5fec70,0x00000000eb600000)
  to   space 3072K, 0% used [0x00000000eb100000,0x00000000eb100000,0x00000000eb400000)
 ParOldGen       total 333824K, used 333685K [0x00000000c0000000, 0x00000000d4600000, 0x00000000eab00000)
  object space 333824K, 99% used [0x00000000c0000000,0x00000000d45dd5e8,0x00000000d4600000)
 Metaspace       used 54603K, committed 55872K, reserved 1114112K
  class space    used 5662K, committed 6208K, reserved 1048576K
}
Event: 10.608 GC heap after
{Heap after GC invocations=311 (full 2):
 PSYoungGen      total 8704K, used 2402K [0x00000000eab00000, 0x00000000eb600000, 0x0000000100000000)
  eden space 6144K, 0% used [0x00000000eab00000,0x00000000eab00000,0x00000000eb100000)
  from space 2560K, 93% used [0x00000000eb100000,0x00000000eb358bc0,0x00000000eb380000)
  to   space 2560K, 0% used [0x00000000eb380000,0x00000000eb380000,0x00000000eb600000)
 ParOldGen       total 335360K, used 335149K [0x00000000c0000000, 0x00000000d4780000, 0x00000000eab00000)
  object space 335360K, 99% used [0x00000000c0000000,0x00000000d474b7a8,0x00000000d4780000)
 Metaspace       used 54603K, committed 55872K, reserved 1114112K
  class space    used 5662K, committed 6208K, reserved 1048576K
}
Event: 10.614 GC heap before
{Heap before GC invocations=312 (full 2):
 PSYoungGen      total 8704K, used 8546K [0x00000000eab00000, 0x00000000eb600000, 0x0000000100000000)
  eden space 6144K, 100% used [0x00000000eab00000,0x00000000eb100000,0x00000000eb100000)
  from space 2560K, 93% used [0x00000000eb100000,0x00000000eb358bc0,0x00000000eb380000)
  to   space 2560K, 0% used [0x00000000eb380000,0x00000000eb380000,0x00000000eb600000)
 ParOldGen       total 335360K, used 335149K [0x00000000c0000000, 0x00000000d4780000, 0x00000000eab00000)
  object space 335360K, 99% used [0x00000000c0000000,0x00000000d474b7a8,0x00000000d4780000)
 Metaspace       used 54603K, committed 55872K, reserved 1114112K
  class space    used 5662K, committed 6208K, reserved 1048576K
}
Event: 10.615 GC heap after
{Heap after GC invocations=312 (full 2):
 PSYoungGen      total 7680K, used 1193K [0x00000000eab00000, 0x00000000eb500000, 0x0000000100000000)
  eden space 6144K, 0% used [0x00000000eab00000,0x00000000eab00000,0x00000000eb100000)
  from space 1536K, 77% used [0x00000000eb380000,0x00000000eb4aa7a0,0x00000000eb500000)
  to   space 2048K, 0% used [0x00000000eb100000,0x00000000eb100000,0x00000000eb300000)
 ParOldGen       total 336384K, used 336294K [0x00000000c0000000, 0x00000000d4880000, 0x00000000eab00000)
  object space 336384K, 99% used [0x00000000c0000000,0x00000000d4869bb0,0x00000000d4880000)
 Metaspace       used 54603K, committed 55872K, reserved 1114112K
  class space    used 5662K, committed 6208K, reserved 1048576K
}
Event: 10.625 GC heap before
{Heap before GC invocations=313 (full 2):
 PSYoungGen      total 7680K, used 7337K [0x00000000eab00000, 0x00000000eb500000, 0x0000000100000000)
  eden space 6144K, 100% used [0x00000000eab00000,0x00000000eb100000,0x00000000eb100000)
  from space 1536K, 77% used [0x00000000eb380000,0x00000000eb4aa7a0,0x00000000eb500000)
  to   space 2048K, 0% used [0x00000000eb100000,0x00000000eb100000,0x00000000eb300000)
 ParOldGen       total 336384K, used 336294K [0x00000000c0000000, 0x00000000d4880000, 0x00000000eab00000)
  object space 336384K, 99% used [0x00000000c0000000,0x00000000d4869bb0,0x00000000d4880000)
 Metaspace       used 54605K, committed 55872K, reserved 1114112K
  class space    used 5662K, committed 6208K, reserved 1048576K
}
Event: 10.627 GC heap after
{Heap after GC invocations=313 (full 2):
 PSYoungGen      total 8192K, used 2031K [0x00000000eab00000, 0x00000000eb600000, 0x0000000100000000)
  eden space 6144K, 0% used [0x00000000eab00000,0x00000000eab00000,0x00000000eb100000)
  from space 2048K, 99% used [0x00000000eb100000,0x00000000eb2fbe00,0x00000000eb300000)
  to   space 2560K, 0% used [0x00000000eb380000,0x00000000eb380000,0x00000000eb600000)
 ParOldGen       total 336896K, used 336774K [0x00000000c0000000, 0x00000000d4900000, 0x00000000eab00000)
  object space 336896K, 99% used [0x00000000c0000000,0x00000000d48e1900,0x00000000d4900000)
 Metaspace       used 54605K, committed 55872K, reserved 1114112K
  class space    used 5662K, committed 6208K, reserved 1048576K
}
Event: 10.658 GC heap before
{Heap before GC invocations=314 (full 2):
 PSYoungGen      total 8192K, used 8175K [0x00000000eab00000, 0x00000000eb600000, 0x0000000100000000)
  eden space 6144K, 100% used [0x00000000eab00000,0x00000000eb100000,0x00000000eb100000)
  from space 2048K, 99% used [0x00000000eb100000,0x00000000eb2fbe00,0x00000000eb300000)
  to   space 2560K, 0% used [0x00000000eb380000,0x00000000eb380000,0x00000000eb600000)
 ParOldGen       total 336896K, used 336774K [0x00000000c0000000, 0x00000000d4900000, 0x00000000eab00000)
  object space 336896K, 99% used [0x00000000c0000000,0x00000000d48e1900,0x00000000d4900000)
 Metaspace       used 55017K, committed 56320K, reserved 1114112K
  class space    used 5694K, committed 6272K, reserved 1048576K
}
Event: 10.660 GC heap after
{Heap after GC invocations=314 (full 2):
 PSYoungGen      total 8704K, used 2253K [0x00000000eab00000, 0x00000000eb600000, 0x0000000100000000)
  eden space 6144K, 0% used [0x00000000eab00000,0x00000000eab00000,0x00000000eb100000)
  from space 2560K, 88% used [0x00000000eb380000,0x00000000eb5b37d0,0x00000000eb600000)
  to   space 2560K, 0% used [0x00000000eb100000,0x00000000eb100000,0x00000000eb380000)
 ParOldGen       total 337920K, used 337631K [0x00000000c0000000, 0x00000000d4a00000, 0x00000000eab00000)
  object space 337920K, 99% used [0x00000000c0000000,0x00000000d49b7fa0,0x00000000d4a00000)
 Metaspace       used 55017K, committed 56320K, reserved 1114112K
  class space    used 5694K, committed 6272K, reserved 1048576K
}
Event: 10.709 GC heap before
{Heap before GC invocations=315 (full 2):
 PSYoungGen      total 8704K, used 8291K [0x00000000eab00000, 0x00000000eb600000, 0x0000000100000000)
  eden space 6144K, 98% used [0x00000000eab00000,0x00000000eb0e5678,0x00000000eb100000)
  from space 2560K, 88% used [0x00000000eb380000,0x00000000eb5b37d0,0x00000000eb600000)
  to   space 2560K, 0% used [0x00000000eb100000,0x00000000eb100000,0x00000000eb380000)
 ParOldGen       total 337920K, used 337631K [0x00000000c0000000, 0x00000000d4a00000, 0x00000000eab00000)
  object space 337920K, 99% used [0x00000000c0000000,0x00000000d49b7fa0,0x00000000d4a00000)
 Metaspace       used 55524K, committed 56832K, reserved 1114112K
  class space    used 5748K, committed 6336K, reserved 1048576K
}
Event: 10.711 GC heap after
{Heap after GC invocations=315 (full 2):
 PSYoungGen      total 8704K, used 2553K [0x00000000eab00000, 0x00000000ebc00000, 0x0000000100000000)
  eden space 6144K, 0% used [0x00000000eab00000,0x00000000eab00000,0x00000000eb100000)
  from space 2560K, 99% used [0x00000000eb100000,0x00000000eb37e7d0,0x00000000eb380000)
  to   space 5632K, 0% used [0x00000000eb680000,0x00000000eb680000,0x00000000ebc00000)
 ParOldGen       total 339968K, used 339901K [0x00000000c0000000, 0x00000000d4c00000, 0x00000000eab00000)
  object space 339968K, 99% used [0x00000000c0000000,0x00000000d4bef488,0x00000000d4c00000)
 Metaspace       used 55524K, committed 56832K, reserved 1114112K
  class space    used 5748K, committed 6336K, reserved 1048576K
}
Event: 10.769 GC heap before
{Heap before GC invocations=316 (full 2):
 PSYoungGen      total 8704K, used 8697K [0x00000000eab00000, 0x00000000ebc00000, 0x0000000100000000)
  eden space 6144K, 100% used [0x00000000eab00000,0x00000000eb100000,0x00000000eb100000)
  from space 2560K, 99% used [0x00000000eb100000,0x00000000eb37e7d0,0x00000000eb380000)
  to   space 5632K, 0% used [0x00000000eb680000,0x00000000eb680000,0x00000000ebc00000)
 ParOldGen       total 339968K, used 339901K [0x00000000c0000000, 0x00000000d4c00000, 0x00000000eab00000)
  object space 339968K, 99% used [0x00000000c0000000,0x00000000d4bef488,0x00000000d4c00000)
 Metaspace       used 55790K, committed 57088K, reserved 1114112K
  class space    used 5762K, committed 6336K, reserved 1048576K
}
Event: 10.771 GC heap after
{Heap after GC invocations=316 (full 2):
 PSYoungGen      total 11264K, used 4773K [0x00000000eab00000, 0x00000000ebb80000, 0x0000000100000000)
  eden space 6144K, 0% used [0x00000000eab00000,0x00000000eab00000,0x00000000eb100000)
  from space 5120K, 93% used [0x00000000eb680000,0x00000000ebb296e0,0x00000000ebb80000)
  to   space 5120K, 0% used [0x00000000eb180000,0x00000000eb180000,0x00000000eb680000)
 ParOldGen       total 342528K, used 342473K [0x00000000c0000000, 0x00000000d4e80000, 0x00000000eab00000)
  object space 342528K, 99% used [0x00000000c0000000,0x00000000d4e72698,0x00000000d4e80000)
 Metaspace       used 55790K, committed 57088K, reserved 1114112K
  class space    used 5762K, committed 6336K, reserved 1048576K
}

