# JRE version: OpenJDK Runtime Environment Temurin-21.0.6+7 (21.0.6+7) (build 21.0.6+7-LTS)
# Java VM: OpenJDK 64-Bit Server VM Temurin-21.0.6+7 (21.0.6+7-LTS, mixed mode, sharing, tiered, compressed oops, compressed class ptrs, parallel gc, windows-amd64)
GC Precious Log:
 CardTable entry size: 512
 CPUs: 20 total, 20 available
 Memory: 24195M
 Large Page Support: Disabled
 NUMA Support: Disabled
 Compressed Oops: Enabled (32-bit)
 Alignments: Space 512K, Generation 512K, Heap 2M
 Heap Min Capacity: 100M
 Heap Initial Capacity: 100M
 Heap Max Capacity: 1G
 Pre-touch: Disabled
 Parallel Workers: 15
Heap:
 PSYoungGen      total 23552K, used 22994K [0x00000000eab00000, 0x00000000ec600000, 0x0000000100000000)
  eden space 19456K, 100% used [0x00000000eab00000,0x00000000ebe00000,0x00000000ebe00000)
  from space 4096K, 86% used [0x00000000ec200000,0x00000000ec574b20,0x00000000ec600000)
  to   space 4096K, 73% used [0x00000000ebe00000,0x00000000ec0fb5f8,0x00000000ec200000)
 ParOldGen       total 71168K, used 70784K [0x00000000c0000000, 0x00000000c4580000, 0x00000000eab00000)
  object space 71168K, 99% used [0x00000000c0000000,0x00000000c4529d50,0x00000000c4580000)
 Metaspace       used 53494K, committed 54720K, reserved 1114112K
  class space    used 5498K, committed 6016K, reserved 1048576K
GC Heap History (20 events):
Event: 8.973 GC heap before
{Heap before GC invocations=31 (full 2):
 PSYoungGen      total 24064K, used 23936K [0x00000000eab00000, 0x00000000ec580000, 0x0000000100000000)
  eden space 22016K, 100% used [0x00000000eab00000,0x00000000ec080000,0x00000000ec080000)
  from space 2048K, 93% used [0x00000000ec380000,0x00000000ec560020,0x00000000ec580000)
  to   space 2048K, 0% used [0x00000000ec100000,0x00000000ec100000,0x00000000ec300000)
 ParOldGen       total 68608K, used 37653K [0x00000000c0000000, 0x00000000c4300000, 0x00000000eab00000)
  object space 68608K, 54% used [0x00000000c0000000,0x00000000c24c5560,0x00000000c4300000)
 Metaspace       used 50816K, committed 52032K, reserved 1114112K
  class space    used 5254K, committed 5760K, reserved 1048576K
}
Event: 8.974 GC heap after
{Heap after GC invocations=31 (full 2):
 PSYoungGen      total 24064K, used 1888K [0x00000000eab00000, 0x00000000ec480000, 0x0000000100000000)
  eden space 22016K, 0% used [0x00000000eab00000,0x00000000eab00000,0x00000000ec080000)
  from space 2048K, 92% used [0x00000000ec100000,0x00000000ec2d8040,0x00000000ec300000)
  to   space 1536K, 0% used [0x00000000ec300000,0x00000000ec300000,0x00000000ec480000)
 ParOldGen       total 68608K, used 38973K [0x00000000c0000000, 0x00000000c4300000, 0x00000000eab00000)
  object space 68608K, 56% used [0x00000000c0000000,0x00000000c260f560,0x00000000c4300000)
 Metaspace       used 50816K, committed 52032K, reserved 1114112K
  class space    used 5254K, committed 5760K, reserved 1048576K
}
Event: 9.318 GC heap before
{Heap before GC invocations=32 (full 2):
 PSYoungGen      total 24064K, used 23904K [0x00000000eab00000, 0x00000000ec480000, 0x0000000100000000)
  eden space 22016K, 100% used [0x00000000eab00000,0x00000000ec080000,0x00000000ec080000)
  from space 2048K, 92% used [0x00000000ec100000,0x00000000ec2d8040,0x00000000ec300000)
  to   space 1536K, 0% used [0x00000000ec300000,0x00000000ec300000,0x00000000ec480000)
 ParOldGen       total 68608K, used 38973K [0x00000000c0000000, 0x00000000c4300000, 0x00000000eab00000)
  object space 68608K, 56% used [0x00000000c0000000,0x00000000c260f560,0x00000000c4300000)
 Metaspace       used 51541K, committed 52736K, reserved 1114112K
  class space    used 5325K, committed 5824K, reserved 1048576K
}
Event: 9.319 GC heap after
{Heap after GC invocations=32 (full 2):
 PSYoungGen      total 22528K, used 1517K [0x00000000eab00000, 0x00000000ec780000, 0x0000000100000000)
  eden space 20992K, 0% used [0x00000000eab00000,0x00000000eab00000,0x00000000ebf80000)
  from space 1536K, 98% used [0x00000000ec300000,0x00000000ec47b510,0x00000000ec480000)
  to   space 3584K, 0% used [0x00000000ebf80000,0x00000000ebf80000,0x00000000ec300000)
 ParOldGen       total 68608K, used 40397K [0x00000000c0000000, 0x00000000c4300000, 0x00000000eab00000)
  object space 68608K, 58% used [0x00000000c0000000,0x00000000c2773560,0x00000000c4300000)
 Metaspace       used 51541K, committed 52736K, reserved 1114112K
  class space    used 5325K, committed 5824K, reserved 1048576K
}
Event: 9.473 GC heap before
{Heap before GC invocations=33 (full 2):
 PSYoungGen      total 22528K, used 22509K [0x00000000eab00000, 0x00000000ec780000, 0x0000000100000000)
  eden space 20992K, 100% used [0x00000000eab00000,0x00000000ebf80000,0x00000000ebf80000)
  from space 1536K, 98% used [0x00000000ec300000,0x00000000ec47b510,0x00000000ec480000)
  to   space 3584K, 0% used [0x00000000ebf80000,0x00000000ebf80000,0x00000000ec300000)
 ParOldGen       total 68608K, used 40397K [0x00000000c0000000, 0x00000000c4300000, 0x00000000eab00000)
  object space 68608K, 58% used [0x00000000c0000000,0x00000000c2773560,0x00000000c4300000)
 Metaspace       used 52209K, committed 53376K, reserved 1114112K
  class space    used 5371K, committed 5888K, reserved 1048576K
}
Event: 9.475 GC heap after
{Heap after GC invocations=33 (full 2):
 PSYoungGen      total 23552K, used 2496K [0x00000000eab00000, 0x00000000ec580000, 0x0000000100000000)
  eden space 20992K, 0% used [0x00000000eab00000,0x00000000eab00000,0x00000000ebf80000)
  from space 2560K, 97% used [0x00000000ebf80000,0x00000000ec1f0060,0x00000000ec200000)
  to   space 3072K, 0% used [0x00000000ec280000,0x00000000ec280000,0x00000000ec580000)
 ParOldGen       total 68608K, used 41896K [0x00000000c0000000, 0x00000000c4300000, 0x00000000eab00000)
  object space 68608K, 61% used [0x00000000c0000000,0x00000000c28ea0a8,0x00000000c4300000)
 Metaspace       used 52209K, committed 53376K, reserved 1114112K
  class space    used 5371K, committed 5888K, reserved 1048576K
}
Event: 9.578 GC heap before
{Heap before GC invocations=34 (full 2):
 PSYoungGen      total 23552K, used 23488K [0x00000000eab00000, 0x00000000ec580000, 0x0000000100000000)
  eden space 20992K, 100% used [0x00000000eab00000,0x00000000ebf80000,0x00000000ebf80000)
  from space 2560K, 97% used [0x00000000ebf80000,0x00000000ec1f0060,0x00000000ec200000)
  to   space 3072K, 0% used [0x00000000ec280000,0x00000000ec280000,0x00000000ec580000)
 ParOldGen       total 68608K, used 41896K [0x00000000c0000000, 0x00000000c4300000, 0x00000000eab00000)
  object space 68608K, 61% used [0x00000000c0000000,0x00000000c28ea0a8,0x00000000c4300000)
 Metaspace       used 52999K, committed 54208K, reserved 1114112K
  class space    used 5465K, committed 6016K, reserved 1048576K
}
Event: 9.579 GC heap after
{Heap after GC invocations=34 (full 2):
 PSYoungGen      total 23552K, used 2353K [0x00000000eab00000, 0x00000000ec500000, 0x0000000100000000)
  eden space 20992K, 0% used [0x00000000eab00000,0x00000000eab00000,0x00000000ebf80000)
  from space 2560K, 91% used [0x00000000ec280000,0x00000000ec4cc400,0x00000000ec500000)
  to   space 2560K, 0% used [0x00000000ebf80000,0x00000000ebf80000,0x00000000ec200000)
 ParOldGen       total 68608K, used 44229K [0x00000000c0000000, 0x00000000c4300000, 0x00000000eab00000)
  object space 68608K, 64% used [0x00000000c0000000,0x00000000c2b31470,0x00000000c4300000)
 Metaspace       used 52999K, committed 54208K, reserved 1114112K
  class space    used 5465K, committed 6016K, reserved 1048576K
}
Event: 9.805 GC heap before
{Heap before GC invocations=35 (full 2):
 PSYoungGen      total 23552K, used 23345K [0x00000000eab00000, 0x00000000ec500000, 0x0000000100000000)
  eden space 20992K, 100% used [0x00000000eab00000,0x00000000ebf80000,0x00000000ebf80000)
  from space 2560K, 91% used [0x00000000ec280000,0x00000000ec4cc400,0x00000000ec500000)
  to   space 2560K, 0% used [0x00000000ebf80000,0x00000000ebf80000,0x00000000ec200000)
 ParOldGen       total 68608K, used 44229K [0x00000000c0000000, 0x00000000c4300000, 0x00000000eab00000)
  object space 68608K, 64% used [0x00000000c0000000,0x00000000c2b31470,0x00000000c4300000)
 Metaspace       used 53065K, committed 54272K, reserved 1114112K
  class space    used 5469K, committed 6016K, reserved 1048576K
}
Event: 9.807 GC heap after
{Heap after GC invocations=35 (full 2):
 PSYoungGen      total 23552K, used 2548K [0x00000000eab00000, 0x00000000ecb80000, 0x0000000100000000)
  eden space 20992K, 0% used [0x00000000eab00000,0x00000000eab00000,0x00000000ebf80000)
  from space 2560K, 99% used [0x00000000ebf80000,0x00000000ec1fd320,0x00000000ec200000)
  to   space 6144K, 0% used [0x00000000ec580000,0x00000000ec580000,0x00000000ecb80000)
 ParOldGen       total 68608K, used 46886K [0x00000000c0000000, 0x00000000c4300000, 0x00000000eab00000)
  object space 68608K, 68% used [0x00000000c0000000,0x00000000c2dc9948,0x00000000c4300000)
 Metaspace       used 53065K, committed 54272K, reserved 1114112K
  class space    used 5469K, committed 6016K, reserved 1048576K
}
Event: 9.851 GC heap before
{Heap before GC invocations=36 (full 2):
 PSYoungGen      total 23552K, used 23540K [0x00000000eab00000, 0x00000000ecb80000, 0x0000000100000000)
  eden space 20992K, 100% used [0x00000000eab00000,0x00000000ebf80000,0x00000000ebf80000)
  from space 2560K, 99% used [0x00000000ebf80000,0x00000000ec1fd320,0x00000000ec200000)
  to   space 6144K, 0% used [0x00000000ec580000,0x00000000ec580000,0x00000000ecb80000)
 ParOldGen       total 68608K, used 46886K [0x00000000c0000000, 0x00000000c4300000, 0x00000000eab00000)
  object space 68608K, 68% used [0x00000000c0000000,0x00000000c2dc9948,0x00000000c4300000)
 Metaspace       used 53113K, committed 54400K, reserved 1114112K
  class space    used 5469K, committed 6016K, reserved 1048576K
}
Event: 9.854 GC heap after
{Heap after GC invocations=36 (full 2):
 PSYoungGen      total 24064K, used 2732K [0x00000000eab00000, 0x00000000ec880000, 0x0000000100000000)
  eden space 20992K, 0% used [0x00000000eab00000,0x00000000eab00000,0x00000000ebf80000)
  from space 3072K, 88% used [0x00000000ec580000,0x00000000ec82b228,0x00000000ec880000)
  to   space 4096K, 0% used [0x00000000ec080000,0x00000000ec080000,0x00000000ec480000)
 ParOldGen       total 68608K, used 49371K [0x00000000c0000000, 0x00000000c4300000, 0x00000000eab00000)
  object space 68608K, 71% used [0x00000000c0000000,0x00000000c3036de8,0x00000000c4300000)
 Metaspace       used 53113K, committed 54400K, reserved 1114112K
  class space    used 5469K, committed 6016K, reserved 1048576K
}
Event: 9.889 GC heap before
{Heap before GC invocations=37 (full 2):
 PSYoungGen      total 24064K, used 23724K [0x00000000eab00000, 0x00000000ec880000, 0x0000000100000000)
  eden space 20992K, 100% used [0x00000000eab00000,0x00000000ebf80000,0x00000000ebf80000)
  from space 3072K, 88% used [0x00000000ec580000,0x00000000ec82b228,0x00000000ec880000)
  to   space 4096K, 0% used [0x00000000ec080000,0x00000000ec080000,0x00000000ec480000)
 ParOldGen       total 68608K, used 49371K [0x00000000c0000000, 0x00000000c4300000, 0x00000000eab00000)
  object space 68608K, 71% used [0x00000000c0000000,0x00000000c3036de8,0x00000000c4300000)
 Metaspace       used 53157K, committed 54400K, reserved 1114112K
  class space    used 5469K, committed 6016K, reserved 1048576K
}
Event: 9.891 GC heap after
{Heap after GC invocations=37 (full 2):
 PSYoungGen      total 24064K, used 2799K [0x00000000eab00000, 0x00000000ec600000, 0x0000000100000000)
  eden space 20992K, 0% used [0x00000000eab00000,0x00000000eab00000,0x00000000ebf80000)
  from space 3072K, 91% used [0x00000000ec080000,0x00000000ec33bcb8,0x00000000ec380000)
  to   space 2560K, 0% used [0x00000000ec380000,0x00000000ec380000,0x00000000ec600000)
 ParOldGen       total 68608K, used 51921K [0x00000000c0000000, 0x00000000c4300000, 0x00000000eab00000)
  object space 68608K, 75% used [0x00000000c0000000,0x00000000c32b4780,0x00000000c4300000)
 Metaspace       used 53157K, committed 54400K, reserved 1114112K
  class space    used 5469K, committed 6016K, reserved 1048576K
}
Event: 9.929 GC heap before
{Heap before GC invocations=38 (full 2):
 PSYoungGen      total 24064K, used 23791K [0x00000000eab00000, 0x00000000ec600000, 0x0000000100000000)
  eden space 20992K, 100% used [0x00000000eab00000,0x00000000ebf80000,0x00000000ebf80000)
  from space 3072K, 91% used [0x00000000ec080000,0x00000000ec33bcb8,0x00000000ec380000)
  to   space 2560K, 0% used [0x00000000ec380000,0x00000000ec380000,0x00000000ec600000)
 ParOldGen       total 68608K, used 51921K [0x00000000c0000000, 0x00000000c4300000, 0x00000000eab00000)
  object space 68608K, 75% used [0x00000000c0000000,0x00000000c32b4780,0x00000000c4300000)
 Metaspace       used 53273K, committed 54464K, reserved 1114112K
  class space    used 5480K, committed 6016K, reserved 1048576K
}
Event: 9.932 GC heap after
{Heap after GC invocations=38 (full 2):
 PSYoungGen      total 22016K, used 2552K [0x00000000eab00000, 0x00000000eca80000, 0x0000000100000000)
  eden space 19456K, 0% used [0x00000000eab00000,0x00000000eab00000,0x00000000ebe00000)
  from space 2560K, 99% used [0x00000000ec380000,0x00000000ec5fe210,0x00000000ec600000)
  to   space 5632K, 0% used [0x00000000ebe00000,0x00000000ebe00000,0x00000000ec380000)
 ParOldGen       total 68608K, used 54491K [0x00000000c0000000, 0x00000000c4300000, 0x00000000eab00000)
  object space 68608K, 79% used [0x00000000c0000000,0x00000000c3536db0,0x00000000c4300000)
 Metaspace       used 53273K, committed 54464K, reserved 1114112K
  class space    used 5480K, committed 6016K, reserved 1048576K
}
Event: 9.976 GC heap before
{Heap before GC invocations=39 (full 2):
 PSYoungGen      total 22016K, used 22007K [0x00000000eab00000, 0x00000000eca80000, 0x0000000100000000)
  eden space 19456K, 99% used [0x00000000eab00000,0x00000000ebdffd98,0x00000000ebe00000)
  from space 2560K, 99% used [0x00000000ec380000,0x00000000ec5fe210,0x00000000ec600000)
  to   space 5632K, 0% used [0x00000000ebe00000,0x00000000ebe00000,0x00000000ec380000)
 ParOldGen       total 68608K, used 54491K [0x00000000c0000000, 0x00000000c4300000, 0x00000000eab00000)
  object space 68608K, 79% used [0x00000000c0000000,0x00000000c3536db0,0x00000000c4300000)
 Metaspace       used 53457K, committed 54656K, reserved 1114112K
  class space    used 5498K, committed 6016K, reserved 1048576K
}
Event: 9.978 GC heap after
{Heap after GC invocations=39 (full 2):
 PSYoungGen      total 23040K, used 3098K [0x00000000eab00000, 0x00000000ec600000, 0x0000000100000000)
  eden space 19456K, 0% used [0x00000000eab00000,0x00000000eab00000,0x00000000ebe00000)
  from space 3584K, 86% used [0x00000000ebe00000,0x00000000ec106908,0x00000000ec180000)
  to   space 4096K, 0% used [0x00000000ec200000,0x00000000ec200000,0x00000000ec600000)
 ParOldGen       total 68608K, used 56855K [0x00000000c0000000, 0x00000000c4300000, 0x00000000eab00000)
  object space 68608K, 82% used [0x00000000c0000000,0x00000000c3785f48,0x00000000c4300000)
 Metaspace       used 53457K, committed 54656K, reserved 1114112K
  class space    used 5498K, committed 6016K, reserved 1048576K
}
Event: 10.046 GC heap before
{Heap before GC invocations=40 (full 2):
 PSYoungGen      total 23040K, used 22554K [0x00000000eab00000, 0x00000000ec600000, 0x0000000100000000)
  eden space 19456K, 100% used [0x00000000eab00000,0x00000000ebe00000,0x00000000ebe00000)
  from space 3584K, 86% used [0x00000000ebe00000,0x00000000ec106908,0x00000000ec180000)
  to   space 4096K, 0% used [0x00000000ec200000,0x00000000ec200000,0x00000000ec600000)
 ParOldGen       total 68608K, used 56855K [0x00000000c0000000, 0x00000000c4300000, 0x00000000eab00000)
  object space 68608K, 82% used [0x00000000c0000000,0x00000000c3785f48,0x00000000c4300000)
 Metaspace       used 53493K, committed 54720K, reserved 1114112K
  class space    used 5498K, committed 6016K, reserved 1048576K
}
Event: 10.048 GC heap after
{Heap after GC invocations=40 (full 2):
 PSYoungGen      total 23552K, used 3538K [0x00000000eab00000, 0x00000000ec600000, 0x0000000100000000)
  eden space 19456K, 0% used [0x00000000eab00000,0x00000000eab00000,0x00000000ebe00000)
  from space 4096K, 86% used [0x00000000ec200000,0x00000000ec574b20,0x00000000ec600000)
  to   space 4096K, 0% used [0x00000000ebe00000,0x00000000ebe00000,0x00000000ec200000)
 ParOldGen       total 68608K, used 59559K [0x00000000c0000000, 0x00000000c4300000, 0x00000000eab00000)
  object space 68608K, 86% used [0x00000000c0000000,0x00000000c3a29c18,0x00000000c4300000)
 Metaspace       used 53493K, committed 54720K, reserved 1114112K
  class space    used 5498K, committed 6016K, reserved 1048576K
}

