# JRE version: Java(TM) SE Runtime Environment (17.0.10+11) (build 17.0.10+11-LTS-240)
# Java VM: Java HotSpot(TM) 64-Bit Server VM (17.0.10+11-LTS-240, mixed mode, emulated-client, sharing, tiered, compressed oops, compressed class ptrs, g1 gc, windows-amd64)
GC Precious Log:
 CPUs: 20 total, 20 available
 Memory: 24195M
 Large Page Support: Disabled
 NUMA Support: Disabled
 Compressed Oops: Enabled (Zero based)
 Heap Region Size: 4M
 Heap Min Capacity: 8M
 Heap Initial Capacity: 380M
 Heap Max Capacity: 6052M
 Pre-touch: Disabled
 Parallel Workers: 15
 Concurrent Workers: 4
 Concurrent Refinement Workers: 15
 Periodic GC: Disabled
Heap:
 garbage-first heap   total 163840K, used 74733K [0x0000000685c00000, 0x0000000800000000)
  region size 4096K, 9 young (36864K), 2 survivors (8192K)
 Metaspace       used 105397K, committed 106304K, reserved 1179648K
  class space    used 15418K, committed 15872K, reserved 1048576K
GC Heap History (20 events):
Event: 46.272 GC heap before
{Heap before GC invocations=27 (full 0):
 garbage-first heap   total 172032K, used 137473K [0x0000000685c00000, 0x0000000800000000)
  region size 4096K, 20 young (81920K), 2 survivors (8192K)
 Metaspace       used 104590K, committed 105536K, reserved 1179648K
  class space    used 15344K, committed 15808K, reserved 1048576K
}
Event: 46.277 GC heap after
{Heap after GC invocations=28 (full 0):
 garbage-first heap   total 172032K, used 66960K [0x0000000685c00000, 0x0000000800000000)
  region size 4096K, 2 young (8192K), 2 survivors (8192K)
 Metaspace       used 104590K, committed 105536K, reserved 1179648K
  class space    used 15344K, committed 15808K, reserved 1048576K
}
Event: 49.114 GC heap before
{Heap before GC invocations=29 (full 0):
 garbage-first heap   total 172032K, used 136592K [0x0000000685c00000, 0x0000000800000000)
  region size 4096K, 19 young (77824K), 2 survivors (8192K)
 Metaspace       used 104591K, committed 105536K, reserved 1179648K
  class space    used 15344K, committed 15808K, reserved 1048576K
}
Event: 49.117 GC heap after
{Heap after GC invocations=30 (full 0):
 garbage-first heap   total 172032K, used 66815K [0x0000000685c00000, 0x0000000800000000)
  region size 4096K, 2 young (8192K), 2 survivors (8192K)
 Metaspace       used 104591K, committed 105536K, reserved 1179648K
  class space    used 15344K, committed 15808K, reserved 1048576K
}
Event: 59.772 GC heap before
{Heap before GC invocations=30 (full 0):
 garbage-first heap   total 172032K, used 136447K [0x0000000685c00000, 0x0000000800000000)
  region size 4096K, 19 young (77824K), 2 survivors (8192K)
 Metaspace       used 105041K, committed 105920K, reserved 1179648K
  class space    used 15412K, committed 15808K, reserved 1048576K
}
Event: 59.776 GC heap after
{Heap after GC invocations=31 (full 0):
 garbage-first heap   total 172032K, used 67059K [0x0000000685c00000, 0x0000000800000000)
  region size 4096K, 2 young (8192K), 2 survivors (8192K)
 Metaspace       used 105041K, committed 105920K, reserved 1179648K
  class space    used 15412K, committed 15808K, reserved 1048576K
}
Event: 63.122 GC heap before
{Heap before GC invocations=31 (full 0):
 garbage-first heap   total 172032K, used 140787K [0x0000000685c00000, 0x0000000800000000)
  region size 4096K, 20 young (81920K), 2 survivors (8192K)
 Metaspace       used 105042K, committed 105920K, reserved 1179648K
  class space    used 15412K, committed 15808K, reserved 1048576K
}
Event: 63.137 GC heap after
{Heap after GC invocations=32 (full 0):
 garbage-first heap   total 172032K, used 67325K [0x0000000685c00000, 0x0000000800000000)
  region size 4096K, 2 young (8192K), 2 survivors (8192K)
 Metaspace       used 105042K, committed 105920K, reserved 1179648K
  class space    used 15412K, committed 15808K, reserved 1048576K
}
Event: 77.055 GC heap before
{Heap before GC invocations=32 (full 0):
 garbage-first heap   total 172032K, used 141053K [0x0000000685c00000, 0x0000000800000000)
  region size 4096K, 20 young (81920K), 2 survivors (8192K)
 Metaspace       used 105051K, committed 105984K, reserved 1179648K
  class space    used 15415K, committed 15872K, reserved 1048576K
}
Event: 77.062 GC heap after
{Heap after GC invocations=33 (full 0):
 garbage-first heap   total 172032K, used 67373K [0x0000000685c00000, 0x0000000800000000)
  region size 4096K, 2 young (8192K), 2 survivors (8192K)
 Metaspace       used 105051K, committed 105984K, reserved 1179648K
  class space    used 15415K, committed 15872K, reserved 1048576K
}
Event: 80.764 GC heap before
{Heap before GC invocations=33 (full 0):
 garbage-first heap   total 172032K, used 141101K [0x0000000685c00000, 0x0000000800000000)
  region size 4096K, 20 young (81920K), 2 survivors (8192K)
 Metaspace       used 105051K, committed 105984K, reserved 1179648K
  class space    used 15415K, committed 15872K, reserved 1048576K
}
Event: 80.779 GC heap after
{Heap after GC invocations=34 (full 0):
 garbage-first heap   total 172032K, used 67064K [0x0000000685c00000, 0x0000000800000000)
  region size 4096K, 2 young (8192K), 2 survivors (8192K)
 Metaspace       used 105051K, committed 105984K, reserved 1179648K
  class space    used 15415K, committed 15872K, reserved 1048576K
}
Event: 309.870 GC heap before
{Heap before GC invocations=34 (full 0):
 garbage-first heap   total 172032K, used 140792K [0x0000000685c00000, 0x0000000800000000)
  region size 4096K, 20 young (81920K), 2 survivors (8192K)
 Metaspace       used 105058K, committed 105984K, reserved 1179648K
  class space    used 15415K, committed 15872K, reserved 1048576K
}
Event: 309.875 GC heap after
{Heap after GC invocations=35 (full 0):
 garbage-first heap   total 172032K, used 67234K [0x0000000685c00000, 0x0000000800000000)
  region size 4096K, 2 young (8192K), 2 survivors (8192K)
 Metaspace       used 105058K, committed 105984K, reserved 1179648K
  class space    used 15415K, committed 15872K, reserved 1048576K
}
Event: 362.686 GC heap before
{Heap before GC invocations=35 (full 0):
 garbage-first heap   total 172032K, used 87714K [0x0000000685c00000, 0x0000000800000000)
  region size 4096K, 8 young (32768K), 2 survivors (8192K)
 Metaspace       used 105311K, committed 106240K, reserved 1179648K
  class space    used 15471K, committed 15872K, reserved 1048576K
}
Event: 362.732 GC heap after
{Heap after GC invocations=36 (full 1):
 garbage-first heap   total 172032K, used 41969K [0x0000000685c00000, 0x0000000800000000)
  region size 4096K, 0 young (0K), 0 survivors (0K)
 Metaspace       used 104763K, committed 106240K, reserved 1179648K
  class space    used 15356K, committed 15872K, reserved 1048576K
}
Event: 362.734 GC heap before
{Heap before GC invocations=36 (full 1):
 garbage-first heap   total 172032K, used 41969K [0x0000000685c00000, 0x0000000800000000)
  region size 4096K, 1 young (4096K), 0 survivors (0K)
 Metaspace       used 104764K, committed 106240K, reserved 1179648K
  class space    used 15356K, committed 15872K, reserved 1048576K
}
Event: 362.762 GC heap after
{Heap after GC invocations=37 (full 2):
 garbage-first heap   total 163840K, used 41965K [0x0000000685c00000, 0x0000000800000000)
  region size 4096K, 0 young (0K), 0 survivors (0K)
 Metaspace       used 104764K, committed 106240K, reserved 1179648K
  class space    used 15356K, committed 15872K, reserved 1048576K
}
Event: 363.747 GC heap before
{Heap before GC invocations=37 (full 2):
 garbage-first heap   total 163840K, used 132077K [0x0000000685c00000, 0x0000000800000000)
  region size 4096K, 22 young (90112K), 0 survivors (0K)
 Metaspace       used 105386K, committed 106304K, reserved 1179648K
  class space    used 15417K, committed 15872K, reserved 1048576K
}
Event: 363.752 GC heap after
{Heap after GC invocations=38 (full 2):
 garbage-first heap   total 163840K, used 50157K [0x0000000685c00000, 0x0000000800000000)
  region size 4096K, 2 young (8192K), 2 survivors (8192K)
 Metaspace       used 105386K, committed 106304K, reserved 1179648K
  class space    used 15417K, committed 15872K, reserved 1048576K
}

