# JRE version: OpenJDK Runtime Environment Temurin-21.0.6+7 (21.0.6+7) (build 21.0.6+7-LTS)
# Java VM: OpenJDK 64-Bit Server VM Temurin-21.0.6+7 (21.0.6+7-LTS, mixed mode, sharing, tiered, compressed oops, compressed class ptrs, parallel gc, windows-amd64)
GC Precious Log:
 CardTable entry size: 512
 CPUs: 20 total, 20 available
 Memory: 24195M
 Large Page Support: Disabled
 NUMA Support: Disabled
 Compressed Oops: Enabled (32-bit)
 Alignments: Space 512K, Generation 512K, Heap 2M
 Heap Min Capacity: 100M
 Heap Initial Capacity: 100M
 Heap Max Capacity: 1G
 Pre-touch: Disabled
 Parallel Workers: 15
Heap:
 PSYoungGen      total 11264K, used 10451K [0x00000000eab00000, 0x00000000eba00000, 0x0000000100000000)
  eden space 7168K, 100% used [0x00000000eab00000,0x00000000eb200000,0x00000000eb200000)
  from space 4096K, 80% used [0x00000000eb600000,0x00000000eb934fd0,0x00000000eba00000)
  to   space 4096K, 78% used [0x00000000eb200000,0x00000000eb522c68,0x00000000eb600000)
 ParOldGen       total 412160K, used 411703K [0x00000000c0000000, 0x00000000d9280000, 0x00000000eab00000)
  object space 412160K, 99% used [0x00000000c0000000,0x00000000d920dd88,0x00000000d9280000)
 Metaspace       used 66955K, committed 68480K, reserved 1114112K
  class space    used 7026K, committed 7680K, reserved 1048576K
GC Heap History (20 events):
Event: 13.536 GC heap after
{Heap after GC invocations=434 (full 3):
 PSYoungGen      total 12288K, used 4671K [0x00000000eab00000, 0x00000000ec100000, 0x0000000100000000)
  eden space 7168K, 0% used [0x00000000eab00000,0x00000000eab00000,0x00000000eb200000)
  from space 5120K, 91% used [0x00000000eb200000,0x00000000eb68fcc0,0x00000000eb700000)
  to   space 7680K, 0% used [0x00000000eb980000,0x00000000eb980000,0x00000000ec100000)
 ParOldGen       total 380928K, used 380904K [0x00000000c0000000, 0x00000000d7400000, 0x00000000eab00000)
  object space 380928K, 99% used [0x00000000c0000000,0x00000000d73fa208,0x00000000d7400000)
 Metaspace       used 66619K, committed 68096K, reserved 1114112K
  class space    used 6988K, committed 7680K, reserved 1048576K
}
Event: 13.569 GC heap before
{Heap before GC invocations=435 (full 3):
 PSYoungGen      total 12288K, used 11675K [0x00000000eab00000, 0x00000000ec100000, 0x0000000100000000)
  eden space 7168K, 97% used [0x00000000eab00000,0x00000000eb1d7120,0x00000000eb200000)
  from space 5120K, 91% used [0x00000000eb200000,0x00000000eb68fcc0,0x00000000eb700000)
  to   space 7680K, 0% used [0x00000000eb980000,0x00000000eb980000,0x00000000ec100000)
 ParOldGen       total 380928K, used 380904K [0x00000000c0000000, 0x00000000d7400000, 0x00000000eab00000)
  object space 380928K, 99% used [0x00000000c0000000,0x00000000d73fa208,0x00000000d7400000)
 Metaspace       used 66621K, committed 68096K, reserved 1114112K
  class space    used 6988K, committed 7680K, reserved 1048576K
}
Event: 13.572 GC heap after
{Heap after GC invocations=435 (full 3):
 PSYoungGen      total 11776K, used 4463K [0x00000000eab00000, 0x00000000ebe00000, 0x0000000100000000)
  eden space 7168K, 0% used [0x00000000eab00000,0x00000000eab00000,0x00000000eb200000)
  from space 4608K, 96% used [0x00000000eb980000,0x00000000ebddbf48,0x00000000ebe00000)
  to   space 5120K, 0% used [0x00000000eb400000,0x00000000eb400000,0x00000000eb900000)
 ParOldGen       total 385536K, used 385187K [0x00000000c0000000, 0x00000000d7880000, 0x00000000eab00000)
  object space 385536K, 99% used [0x00000000c0000000,0x00000000d7828e68,0x00000000d7880000)
 Metaspace       used 66621K, committed 68096K, reserved 1114112K
  class space    used 6988K, committed 7680K, reserved 1048576K
}
Event: 13.599 GC heap before
{Heap before GC invocations=436 (full 3):
 PSYoungGen      total 11776K, used 11483K [0x00000000eab00000, 0x00000000ebe00000, 0x0000000100000000)
  eden space 7168K, 97% used [0x00000000eab00000,0x00000000eb1dafa8,0x00000000eb200000)
  from space 4608K, 96% used [0x00000000eb980000,0x00000000ebddbf48,0x00000000ebe00000)
  to   space 5120K, 0% used [0x00000000eb400000,0x00000000eb400000,0x00000000eb900000)
 ParOldGen       total 385536K, used 385187K [0x00000000c0000000, 0x00000000d7880000, 0x00000000eab00000)
  object space 385536K, 99% used [0x00000000c0000000,0x00000000d7828e68,0x00000000d7880000)
 Metaspace       used 66631K, committed 68096K, reserved 1114112K
  class space    used 6990K, committed 7680K, reserved 1048576K
}
Event: 13.602 GC heap after
{Heap after GC invocations=436 (full 3):
 PSYoungGen      total 10240K, used 2975K [0x00000000eab00000, 0x00000000eba00000, 0x0000000100000000)
  eden space 7168K, 0% used [0x00000000eab00000,0x00000000eab00000,0x00000000eb200000)
  from space 3072K, 96% used [0x00000000eb400000,0x00000000eb6e7f40,0x00000000eb700000)
  to   space 3072K, 0% used [0x00000000eb700000,0x00000000eb700000,0x00000000eba00000)
 ParOldGen       total 389632K, used 389430K [0x00000000c0000000, 0x00000000d7c80000, 0x00000000eab00000)
  object space 389632K, 99% used [0x00000000c0000000,0x00000000d7c4d830,0x00000000d7c80000)
 Metaspace       used 66631K, committed 68096K, reserved 1114112K
  class space    used 6990K, committed 7680K, reserved 1048576K
}
Event: 13.642 GC heap before
{Heap before GC invocations=437 (full 3):
 PSYoungGen      total 10240K, used 10063K [0x00000000eab00000, 0x00000000eba00000, 0x0000000100000000)
  eden space 7168K, 98% used [0x00000000eab00000,0x00000000eb1ebff8,0x00000000eb200000)
  from space 3072K, 96% used [0x00000000eb400000,0x00000000eb6e7f40,0x00000000eb700000)
  to   space 3072K, 0% used [0x00000000eb700000,0x00000000eb700000,0x00000000eba00000)
 ParOldGen       total 389632K, used 389430K [0x00000000c0000000, 0x00000000d7c80000, 0x00000000eab00000)
  object space 389632K, 99% used [0x00000000c0000000,0x00000000d7c4d830,0x00000000d7c80000)
 Metaspace       used 66705K, committed 68160K, reserved 1114112K
  class space    used 6998K, committed 7680K, reserved 1048576K
}
Event: 13.647 GC heap after
{Heap after GC invocations=437 (full 3):
 PSYoungGen      total 6656K, used 3051K [0x00000000eab00000, 0x00000000ec300000, 0x0000000100000000)
  eden space 3584K, 0% used [0x00000000eab00000,0x00000000eab00000,0x00000000eae80000)
  from space 3072K, 99% used [0x00000000eb700000,0x00000000eb9fac90,0x00000000eba00000)
  to   space 8704K, 0% used [0x00000000eae80000,0x00000000eae80000,0x00000000eb700000)
 ParOldGen       total 394240K, used 394186K [0x00000000c0000000, 0x00000000d8100000, 0x00000000eab00000)
  object space 394240K, 99% used [0x00000000c0000000,0x00000000d80f29e8,0x00000000d8100000)
 Metaspace       used 66705K, committed 68160K, reserved 1114112K
  class space    used 6998K, committed 7680K, reserved 1048576K
}
Event: 13.669 GC heap before
{Heap before GC invocations=438 (full 3):
 PSYoungGen      total 6656K, used 6367K [0x00000000eab00000, 0x00000000ec300000, 0x0000000100000000)
  eden space 3584K, 92% used [0x00000000eab00000,0x00000000eae3d2b0,0x00000000eae80000)
  from space 3072K, 99% used [0x00000000eb700000,0x00000000eb9fac90,0x00000000eba00000)
  to   space 8704K, 0% used [0x00000000eae80000,0x00000000eae80000,0x00000000eb700000)
 ParOldGen       total 394240K, used 394186K [0x00000000c0000000, 0x00000000d8100000, 0x00000000eab00000)
  object space 394240K, 99% used [0x00000000c0000000,0x00000000d80f29e8,0x00000000d8100000)
 Metaspace       used 66775K, committed 68224K, reserved 1114112K
  class space    used 7008K, committed 7680K, reserved 1048576K
}
Event: 13.672 GC heap after
{Heap after GC invocations=438 (full 3):
 PSYoungGen      total 6144K, used 2455K [0x00000000eab00000, 0x00000000eb780000, 0x0000000100000000)
  eden space 3584K, 0% used [0x00000000eab00000,0x00000000eab00000,0x00000000eae80000)
  from space 2560K, 95% used [0x00000000eae80000,0x00000000eb0e5eb8,0x00000000eb100000)
  to   space 4608K, 0% used [0x00000000eb300000,0x00000000eb300000,0x00000000eb780000)
 ParOldGen       total 397312K, used 397272K [0x00000000c0000000, 0x00000000d8400000, 0x00000000eab00000)
  object space 397312K, 99% used [0x00000000c0000000,0x00000000d83f6150,0x00000000d8400000)
 Metaspace       used 66775K, committed 68224K, reserved 1114112K
  class space    used 7008K, committed 7680K, reserved 1048576K
}
Event: 13.691 GC heap before
{Heap before GC invocations=439 (full 3):
 PSYoungGen      total 6144K, used 6039K [0x00000000eab00000, 0x00000000eb780000, 0x0000000100000000)
  eden space 3584K, 100% used [0x00000000eab00000,0x00000000eae80000,0x00000000eae80000)
  from space 2560K, 95% used [0x00000000eae80000,0x00000000eb0e5eb8,0x00000000eb100000)
  to   space 4608K, 0% used [0x00000000eb300000,0x00000000eb300000,0x00000000eb780000)
 ParOldGen       total 397312K, used 397272K [0x00000000c0000000, 0x00000000d8400000, 0x00000000eab00000)
  object space 397312K, 99% used [0x00000000c0000000,0x00000000d83f6150,0x00000000d8400000)
 Metaspace       used 66834K, committed 68288K, reserved 1114112K
  class space    used 7016K, committed 7680K, reserved 1048576K
}
Event: 13.694 GC heap after
{Heap after GC invocations=439 (full 3):
 PSYoungGen      total 6144K, used 2531K [0x00000000eab00000, 0x00000000eb580000, 0x0000000100000000)
  eden space 3584K, 0% used [0x00000000eab00000,0x00000000eab00000,0x00000000eae80000)
  from space 2560K, 98% used [0x00000000eb300000,0x00000000eb578dd8,0x00000000eb580000)
  to   space 3072K, 0% used [0x00000000eaf80000,0x00000000eaf80000,0x00000000eb280000)
 ParOldGen       total 399872K, used 399545K [0x00000000c0000000, 0x00000000d8680000, 0x00000000eab00000)
  object space 399872K, 99% used [0x00000000c0000000,0x00000000d862e518,0x00000000d8680000)
 Metaspace       used 66834K, committed 68288K, reserved 1114112K
  class space    used 7016K, committed 7680K, reserved 1048576K
}
Event: 13.698 GC heap before
{Heap before GC invocations=440 (full 3):
 PSYoungGen      total 6144K, used 6115K [0x00000000eab00000, 0x00000000eb580000, 0x0000000100000000)
  eden space 3584K, 100% used [0x00000000eab00000,0x00000000eae80000,0x00000000eae80000)
  from space 2560K, 98% used [0x00000000eb300000,0x00000000eb578dd8,0x00000000eb580000)
  to   space 3072K, 0% used [0x00000000eaf80000,0x00000000eaf80000,0x00000000eb280000)
 ParOldGen       total 399872K, used 399545K [0x00000000c0000000, 0x00000000d8680000, 0x00000000eab00000)
  object space 399872K, 99% used [0x00000000c0000000,0x00000000d862e518,0x00000000d8680000)
 Metaspace       used 66843K, committed 68288K, reserved 1114112K
  class space    used 7016K, committed 7680K, reserved 1048576K
}
Event: 13.700 GC heap after
{Heap after GC invocations=440 (full 3):
 PSYoungGen      total 6656K, used 3072K [0x00000000eab00000, 0x00000000eba80000, 0x0000000100000000)
  eden space 3584K, 0% used [0x00000000eab00000,0x00000000eab00000,0x00000000eae80000)
  from space 3072K, 100% used [0x00000000eaf80000,0x00000000eb280000,0x00000000eb280000)
  to   space 6144K, 0% used [0x00000000eb480000,0x00000000eb480000,0x00000000eba80000)
 ParOldGen       total 401920K, used 401891K [0x00000000c0000000, 0x00000000d8880000, 0x00000000eab00000)
  object space 401920K, 99% used [0x00000000c0000000,0x00000000d8878d98,0x00000000d8880000)
 Metaspace       used 66843K, committed 68288K, reserved 1114112K
  class space    used 7016K, committed 7680K, reserved 1048576K
}
Event: 13.734 GC heap before
{Heap before GC invocations=441 (full 3):
 PSYoungGen      total 6656K, used 6656K [0x00000000eab00000, 0x00000000eba80000, 0x0000000100000000)
  eden space 3584K, 100% used [0x00000000eab00000,0x00000000eae80000,0x00000000eae80000)
  from space 3072K, 100% used [0x00000000eaf80000,0x00000000eb280000,0x00000000eb280000)
  to   space 6144K, 0% used [0x00000000eb480000,0x00000000eb480000,0x00000000eba80000)
 ParOldGen       total 401920K, used 401891K [0x00000000c0000000, 0x00000000d8880000, 0x00000000eab00000)
  object space 401920K, 99% used [0x00000000c0000000,0x00000000d8878d98,0x00000000d8880000)
 Metaspace       used 66892K, committed 68288K, reserved 1114112K
  class space    used 7022K, committed 7680K, reserved 1048576K
}
Event: 14.754 GC heap after
{Heap after GC invocations=441 (full 3):
 PSYoungGen      total 6656K, used 1683K [0x00000000eab00000, 0x00000000eb680000, 0x0000000100000000)
  eden space 4608K, 0% used [0x00000000eab00000,0x00000000eab00000,0x00000000eaf80000)
  from space 2048K, 82% used [0x00000000eb480000,0x00000000eb624fd0,0x00000000eb680000)
  to   space 3072K, 0% used [0x00000000eb080000,0x00000000eb080000,0x00000000eb380000)
 ParOldGen       total 405504K, used 404771K [0x00000000c0000000, 0x00000000d8c00000, 0x00000000eab00000)
  object space 405504K, 99% used [0x00000000c0000000,0x00000000d8b48d98,0x00000000d8c00000)
 Metaspace       used 66892K, committed 68288K, reserved 1114112K
  class space    used 7022K, committed 7680K, reserved 1048576K
}
Event: 14.789 GC heap before
{Heap before GC invocations=442 (full 3):
 PSYoungGen      total 6656K, used 6291K [0x00000000eab00000, 0x00000000eb680000, 0x0000000100000000)
  eden space 4608K, 100% used [0x00000000eab00000,0x00000000eaf80000,0x00000000eaf80000)
  from space 2048K, 82% used [0x00000000eb480000,0x00000000eb624fd0,0x00000000eb680000)
  to   space 3072K, 0% used [0x00000000eb080000,0x00000000eb080000,0x00000000eb380000)
 ParOldGen       total 405504K, used 404771K [0x00000000c0000000, 0x00000000d8c00000, 0x00000000eab00000)
  object space 405504K, 99% used [0x00000000c0000000,0x00000000d8b48d98,0x00000000d8c00000)
 Metaspace       used 66925K, committed 68416K, reserved 1114112K
  class space    used 7026K, committed 7680K, reserved 1048576K
}
Event: 14.792 GC heap after
{Heap after GC invocations=442 (full 3):
 PSYoungGen      total 8704K, used 3043K [0x00000000eab00000, 0x00000000ebb80000, 0x0000000100000000)
  eden space 5632K, 0% used [0x00000000eab00000,0x00000000eab00000,0x00000000eb080000)
  from space 3072K, 99% used [0x00000000eb080000,0x00000000eb378cf0,0x00000000eb380000)
  to   space 5632K, 0% used [0x00000000eb600000,0x00000000eb600000,0x00000000ebb80000)
 ParOldGen       total 406528K, used 406313K [0x00000000c0000000, 0x00000000d8d00000, 0x00000000eab00000)
  object space 406528K, 99% used [0x00000000c0000000,0x00000000d8cca748,0x00000000d8d00000)
 Metaspace       used 66925K, committed 68416K, reserved 1114112K
  class space    used 7026K, committed 7680K, reserved 1048576K
}
Event: 14.814 GC heap before
{Heap before GC invocations=443 (full 3):
 PSYoungGen      total 8704K, used 8675K [0x00000000eab00000, 0x00000000ebb80000, 0x0000000100000000)
  eden space 5632K, 100% used [0x00000000eab00000,0x00000000eb080000,0x00000000eb080000)
  from space 3072K, 99% used [0x00000000eb080000,0x00000000eb378cf0,0x00000000eb380000)
  to   space 5632K, 0% used [0x00000000eb600000,0x00000000eb600000,0x00000000ebb80000)
 ParOldGen       total 406528K, used 406313K [0x00000000c0000000, 0x00000000d8d00000, 0x00000000eab00000)
  object space 406528K, 99% used [0x00000000c0000000,0x00000000d8cca748,0x00000000d8d00000)
 Metaspace       used 66955K, committed 68480K, reserved 1114112K
  class space    used 7026K, committed 7680K, reserved 1048576K
}
Event: 14.818 GC heap after
{Heap after GC invocations=443 (full 3):
 PSYoungGen      total 11264K, used 3283K [0x00000000eab00000, 0x00000000eba00000, 0x0000000100000000)
  eden space 7168K, 0% used [0x00000000eab00000,0x00000000eab00000,0x00000000eb200000)
  from space 4096K, 80% used [0x00000000eb600000,0x00000000eb934fd0,0x00000000eba00000)
  to   space 4096K, 0% used [0x00000000eb200000,0x00000000eb200000,0x00000000eb600000)
 ParOldGen       total 409600K, used 409260K [0x00000000c0000000, 0x00000000d9000000, 0x00000000eab00000)
  object space 409600K, 99% used [0x00000000c0000000,0x00000000d8fab390,0x00000000d9000000)
 Metaspace       used 66955K, committed 68480K, reserved 1114112K
  class space    used 7026K, committed 7680K, reserved 1048576K
}
Event: 14.851 GC heap before
{Heap before GC invocations=444 (full 3):
 PSYoungGen      total 11264K, used 10451K [0x00000000eab00000, 0x00000000eba00000, 0x0000000100000000)
  eden space 7168K, 100% used [0x00000000eab00000,0x00000000eb200000,0x00000000eb200000)
  from space 4096K, 80% used [0x00000000eb600000,0x00000000eb934fd0,0x00000000eba00000)
  to   space 4096K, 0% used [0x00000000eb200000,0x00000000eb200000,0x00000000eb600000)
 ParOldGen       total 409600K, used 409260K [0x00000000c0000000, 0x00000000d9000000, 0x00000000eab00000)
  object space 409600K, 99% used [0x00000000c0000000,0x00000000d8fab390,0x00000000d9000000)
 Metaspace       used 66955K, committed 68480K, reserved 1114112K
  class space    used 7026K, committed 7680K, reserved 1048576K
}

