# JRE version: OpenJDK Runtime Environment Temurin-21.0.6+7 (21.0.6+7) (build 21.0.6+7-LTS)
# Java VM: OpenJDK 64-Bit Server VM Temurin-21.0.6+7 (21.0.6+7-LTS, mixed mode, sharing, tiered, compressed oops, compressed class ptrs, parallel gc, windows-amd64)
GC Precious Log:
 CardTable entry size: 512
 CPUs: 20 total, 20 available
 Memory: 24195M
 Large Page Support: Disabled
 NUMA Support: Disabled
 Compressed Oops: Enabled (32-bit)
 Alignments: Space 512K, Generation 512K, Heap 2M
 Heap Min Capacity: 100M
 Heap Initial Capacity: 100M
 Heap Max Capacity: 1G
 Pre-touch: Disabled
 Parallel Workers: 15
Heap:
 PSYoungGen      total 5120K, used 4532K [0x00000000eab00000, 0x00000000eb180000, 0x0000000100000000)
  eden space 3584K, 99% used [0x00000000eab00000,0x00000000eae7d050,0x00000000eae80000)
  from space 1536K, 62% used [0x00000000eae80000,0x00000000eaf70000,0x00000000eb000000)
  to   space 1024K, 0% used [0x00000000eb080000,0x00000000eb080000,0x00000000eb180000)
 ParOldGen       total 285696K, used 285405K [0x00000000c0000000, 0x00000000d1700000, 0x00000000eab00000)
  object space 285696K, 99% used [0x00000000c0000000,0x00000000d16b77f8,0x00000000d1700000)
 Metaspace       used 61390K, committed 62784K, reserved 1114112K
  class space    used 6385K, committed 7040K, reserved 1048576K
GC Heap History (20 events):
Event: 13.547 GC heap after
{Heap after GC invocations=344 (full 3):
 PSYoungGen      total 4608K, used 1016K [0x00000000eab00000, 0x00000000eb280000, 0x0000000100000000)
  eden space 3584K, 0% used [0x00000000eab00000,0x00000000eab00000,0x00000000eae80000)
  from space 1024K, 99% used [0x00000000eae80000,0x00000000eaf7e170,0x00000000eaf80000)
  to   space 2048K, 0% used [0x00000000eb080000,0x00000000eb080000,0x00000000eb280000)
 ParOldGen       total 276480K, used 276298K [0x00000000c0000000, 0x00000000d0e00000, 0x00000000eab00000)
  object space 276480K, 99% used [0x00000000c0000000,0x00000000d0dd2860,0x00000000d0e00000)
 Metaspace       used 61107K, committed 62464K, reserved 1114112K
  class space    used 6338K, committed 6976K, reserved 1048576K
}
Event: 13.556 GC heap before
{Heap before GC invocations=345 (full 3):
 PSYoungGen      total 4608K, used 4600K [0x00000000eab00000, 0x00000000eb280000, 0x0000000100000000)
  eden space 3584K, 100% used [0x00000000eab00000,0x00000000eae80000,0x00000000eae80000)
  from space 1024K, 99% used [0x00000000eae80000,0x00000000eaf7e170,0x00000000eaf80000)
  to   space 2048K, 0% used [0x00000000eb080000,0x00000000eb080000,0x00000000eb280000)
 ParOldGen       total 276480K, used 276298K [0x00000000c0000000, 0x00000000d0e00000, 0x00000000eab00000)
  object space 276480K, 99% used [0x00000000c0000000,0x00000000d0dd2860,0x00000000d0e00000)
 Metaspace       used 61125K, committed 62464K, reserved 1114112K
  class space    used 6343K, committed 6976K, reserved 1048576K
}
Event: 13.557 GC heap after
{Heap after GC invocations=345 (full 3):
 PSYoungGen      total 4608K, used 1013K [0x00000000eab00000, 0x00000000eb180000, 0x0000000100000000)
  eden space 3584K, 0% used [0x00000000eab00000,0x00000000eab00000,0x00000000eae80000)
  from space 1024K, 98% used [0x00000000eb080000,0x00000000eb17d4a0,0x00000000eb180000)
  to   space 1536K, 0% used [0x00000000eae80000,0x00000000eae80000,0x00000000eb000000)
 ParOldGen       total 277504K, used 277160K [0x00000000c0000000, 0x00000000d0f00000, 0x00000000eab00000)
  object space 277504K, 99% used [0x00000000c0000000,0x00000000d0eaa018,0x00000000d0f00000)
 Metaspace       used 61125K, committed 62464K, reserved 1114112K
  class space    used 6343K, committed 6976K, reserved 1048576K
}
Event: 13.563 GC heap before
{Heap before GC invocations=346 (full 3):
 PSYoungGen      total 4608K, used 4597K [0x00000000eab00000, 0x00000000eb180000, 0x0000000100000000)
  eden space 3584K, 100% used [0x00000000eab00000,0x00000000eae80000,0x00000000eae80000)
  from space 1024K, 98% used [0x00000000eb080000,0x00000000eb17d4a0,0x00000000eb180000)
  to   space 1536K, 0% used [0x00000000eae80000,0x00000000eae80000,0x00000000eb000000)
 ParOldGen       total 277504K, used 277160K [0x00000000c0000000, 0x00000000d0f00000, 0x00000000eab00000)
  object space 277504K, 99% used [0x00000000c0000000,0x00000000d0eaa018,0x00000000d0f00000)
 Metaspace       used 61153K, committed 62464K, reserved 1114112K
  class space    used 6349K, committed 6976K, reserved 1048576K
}
Event: 13.564 GC heap after
{Heap after GC invocations=346 (full 3):
 PSYoungGen      total 5120K, used 1045K [0x00000000eab00000, 0x00000000eb180000, 0x0000000100000000)
  eden space 3584K, 0% used [0x00000000eab00000,0x00000000eab00000,0x00000000eae80000)
  from space 1536K, 68% used [0x00000000eae80000,0x00000000eaf85458,0x00000000eb000000)
  to   space 1536K, 0% used [0x00000000eb000000,0x00000000eb000000,0x00000000eb180000)
 ParOldGen       total 278016K, used 277979K [0x00000000c0000000, 0x00000000d0f80000, 0x00000000eab00000)
  object space 278016K, 99% used [0x00000000c0000000,0x00000000d0f76da0,0x00000000d0f80000)
 Metaspace       used 61153K, committed 62464K, reserved 1114112K
  class space    used 6349K, committed 6976K, reserved 1048576K
}
Event: 13.571 GC heap before
{Heap before GC invocations=347 (full 3):
 PSYoungGen      total 5120K, used 4629K [0x00000000eab00000, 0x00000000eb180000, 0x0000000100000000)
  eden space 3584K, 100% used [0x00000000eab00000,0x00000000eae80000,0x00000000eae80000)
  from space 1536K, 68% used [0x00000000eae80000,0x00000000eaf85458,0x00000000eb000000)
  to   space 1536K, 0% used [0x00000000eb000000,0x00000000eb000000,0x00000000eb180000)
 ParOldGen       total 278016K, used 277979K [0x00000000c0000000, 0x00000000d0f80000, 0x00000000eab00000)
  object space 278016K, 99% used [0x00000000c0000000,0x00000000d0f76da0,0x00000000d0f80000)
 Metaspace       used 61222K, committed 62528K, reserved 1114112K
  class space    used 6359K, committed 6976K, reserved 1048576K
}
Event: 13.572 GC heap after
{Heap after GC invocations=347 (full 3):
 PSYoungGen      total 4608K, used 1009K [0x00000000eab00000, 0x00000000eb100000, 0x0000000100000000)
  eden space 3584K, 0% used [0x00000000eab00000,0x00000000eab00000,0x00000000eae80000)
  from space 1024K, 98% used [0x00000000eb000000,0x00000000eb0fc798,0x00000000eb100000)
  to   space 1024K, 0% used [0x00000000eaf00000,0x00000000eaf00000,0x00000000eb000000)
 ParOldGen       total 279040K, used 278782K [0x00000000c0000000, 0x00000000d1080000, 0x00000000eab00000)
  object space 279040K, 99% used [0x00000000c0000000,0x00000000d103f870,0x00000000d1080000)
 Metaspace       used 61222K, committed 62528K, reserved 1114112K
  class space    used 6359K, committed 6976K, reserved 1048576K
}
Event: 13.574 GC heap before
{Heap before GC invocations=348 (full 3):
 PSYoungGen      total 4608K, used 4593K [0x00000000eab00000, 0x00000000eb100000, 0x0000000100000000)
  eden space 3584K, 99% used [0x00000000eab00000,0x00000000eae7fff8,0x00000000eae80000)
  from space 1024K, 98% used [0x00000000eb000000,0x00000000eb0fc798,0x00000000eb100000)
  to   space 1024K, 0% used [0x00000000eaf00000,0x00000000eaf00000,0x00000000eb000000)
 ParOldGen       total 279040K, used 278782K [0x00000000c0000000, 0x00000000d1080000, 0x00000000eab00000)
  object space 279040K, 99% used [0x00000000c0000000,0x00000000d103f870,0x00000000d1080000)
 Metaspace       used 61238K, committed 62528K, reserved 1114112K
  class space    used 6362K, committed 6976K, reserved 1048576K
}
Event: 13.575 GC heap after
{Heap after GC invocations=348 (full 3):
 PSYoungGen      total 4608K, used 1022K [0x00000000eab00000, 0x00000000eb380000, 0x0000000100000000)
  eden space 3584K, 0% used [0x00000000eab00000,0x00000000eab00000,0x00000000eae80000)
  from space 1024K, 99% used [0x00000000eaf00000,0x00000000eafffb50,0x00000000eb000000)
  to   space 2560K, 0% used [0x00000000eb100000,0x00000000eb100000,0x00000000eb380000)
 ParOldGen       total 280064K, used 279819K [0x00000000c0000000, 0x00000000d1180000, 0x00000000eab00000)
  object space 280064K, 99% used [0x00000000c0000000,0x00000000d1142f20,0x00000000d1180000)
 Metaspace       used 61238K, committed 62528K, reserved 1114112K
  class space    used 6362K, committed 6976K, reserved 1048576K
}
Event: 13.579 GC heap before
{Heap before GC invocations=349 (full 3):
 PSYoungGen      total 4608K, used 4606K [0x00000000eab00000, 0x00000000eb380000, 0x0000000100000000)
  eden space 3584K, 100% used [0x00000000eab00000,0x00000000eae80000,0x00000000eae80000)
  from space 1024K, 99% used [0x00000000eaf00000,0x00000000eafffb50,0x00000000eb000000)
  to   space 2560K, 0% used [0x00000000eb100000,0x00000000eb100000,0x00000000eb380000)
 ParOldGen       total 280064K, used 279819K [0x00000000c0000000, 0x00000000d1180000, 0x00000000eab00000)
  object space 280064K, 99% used [0x00000000c0000000,0x00000000d1142f20,0x00000000d1180000)
 Metaspace       used 61260K, committed 62592K, reserved 1114112K
  class space    used 6365K, committed 6976K, reserved 1048576K
}
Event: 13.580 GC heap after
{Heap after GC invocations=349 (full 3):
 PSYoungGen      total 5120K, used 1422K [0x00000000eab00000, 0x00000000eb280000, 0x0000000100000000)
  eden space 3584K, 0% used [0x00000000eab00000,0x00000000eab00000,0x00000000eae80000)
  from space 1536K, 92% used [0x00000000eb100000,0x00000000eb263b78,0x00000000eb280000)
  to   space 2048K, 0% used [0x00000000eae80000,0x00000000eae80000,0x00000000eb080000)
 ParOldGen       total 281088K, used 280752K [0x00000000c0000000, 0x00000000d1280000, 0x00000000eab00000)
  object space 281088K, 99% used [0x00000000c0000000,0x00000000d122c388,0x00000000d1280000)
 Metaspace       used 61260K, committed 62592K, reserved 1114112K
  class space    used 6365K, committed 6976K, reserved 1048576K
}
Event: 13.586 GC heap before
{Heap before GC invocations=350 (full 3):
 PSYoungGen      total 5120K, used 5006K [0x00000000eab00000, 0x00000000eb280000, 0x0000000100000000)
  eden space 3584K, 100% used [0x00000000eab00000,0x00000000eae80000,0x00000000eae80000)
  from space 1536K, 92% used [0x00000000eb100000,0x00000000eb263b78,0x00000000eb280000)
  to   space 2048K, 0% used [0x00000000eae80000,0x00000000eae80000,0x00000000eb080000)
 ParOldGen       total 281088K, used 280752K [0x00000000c0000000, 0x00000000d1280000, 0x00000000eab00000)
  object space 281088K, 99% used [0x00000000c0000000,0x00000000d122c388,0x00000000d1280000)
 Metaspace       used 61272K, committed 62592K, reserved 1114112K
  class space    used 6368K, committed 6976K, reserved 1048576K
}
Event: 13.587 GC heap after
{Heap after GC invocations=350 (full 3):
 PSYoungGen      total 5120K, used 1098K [0x00000000eab00000, 0x00000000eb180000, 0x0000000100000000)
  eden space 3584K, 0% used [0x00000000eab00000,0x00000000eab00000,0x00000000eae80000)
  from space 1536K, 71% used [0x00000000eae80000,0x00000000eaf92ab8,0x00000000eb000000)
  to   space 1536K, 0% used [0x00000000eb000000,0x00000000eb000000,0x00000000eb180000)
 ParOldGen       total 282112K, used 281969K [0x00000000c0000000, 0x00000000d1380000, 0x00000000eab00000)
  object space 282112K, 99% used [0x00000000c0000000,0x00000000d135c688,0x00000000d1380000)
 Metaspace       used 61272K, committed 62592K, reserved 1114112K
  class space    used 6368K, committed 6976K, reserved 1048576K
}
Event: 13.594 GC heap before
{Heap before GC invocations=351 (full 3):
 PSYoungGen      total 5120K, used 4682K [0x00000000eab00000, 0x00000000eb180000, 0x0000000100000000)
  eden space 3584K, 100% used [0x00000000eab00000,0x00000000eae80000,0x00000000eae80000)
  from space 1536K, 71% used [0x00000000eae80000,0x00000000eaf92ab8,0x00000000eb000000)
  to   space 1536K, 0% used [0x00000000eb000000,0x00000000eb000000,0x00000000eb180000)
 ParOldGen       total 282112K, used 281969K [0x00000000c0000000, 0x00000000d1380000, 0x00000000eab00000)
  object space 282112K, 99% used [0x00000000c0000000,0x00000000d135c688,0x00000000d1380000)
 Metaspace       used 61286K, committed 62592K, reserved 1114112K
  class space    used 6370K, committed 6976K, reserved 1048576K
}
Event: 13.595 GC heap after
{Heap after GC invocations=351 (full 3):
 PSYoungGen      total 5120K, used 1006K [0x00000000eab00000, 0x00000000eb180000, 0x0000000100000000)
  eden space 3584K, 0% used [0x00000000eab00000,0x00000000eab00000,0x00000000eae80000)
  from space 1536K, 65% used [0x00000000eb000000,0x00000000eb0fb8e8,0x00000000eb180000)
  to   space 1536K, 0% used [0x00000000eae80000,0x00000000eae80000,0x00000000eb000000)
 ParOldGen       total 283136K, used 282949K [0x00000000c0000000, 0x00000000d1480000, 0x00000000eab00000)
  object space 283136K, 99% used [0x00000000c0000000,0x00000000d14516b0,0x00000000d1480000)
 Metaspace       used 61286K, committed 62592K, reserved 1114112K
  class space    used 6370K, committed 6976K, reserved 1048576K
}
Event: 13.600 GC heap before
{Heap before GC invocations=352 (full 3):
 PSYoungGen      total 5120K, used 4590K [0x00000000eab00000, 0x00000000eb180000, 0x0000000100000000)
  eden space 3584K, 100% used [0x00000000eab00000,0x00000000eae80000,0x00000000eae80000)
  from space 1536K, 65% used [0x00000000eb000000,0x00000000eb0fb8e8,0x00000000eb180000)
  to   space 1536K, 0% used [0x00000000eae80000,0x00000000eae80000,0x00000000eb000000)
 ParOldGen       total 283136K, used 282949K [0x00000000c0000000, 0x00000000d1480000, 0x00000000eab00000)
  object space 283136K, 99% used [0x00000000c0000000,0x00000000d14516b0,0x00000000d1480000)
 Metaspace       used 61306K, committed 62656K, reserved 1114112K
  class space    used 6372K, committed 6976K, reserved 1048576K
}
Event: 13.601 GC heap after
{Heap after GC invocations=352 (full 3):
 PSYoungGen      total 5120K, used 1034K [0x00000000eab00000, 0x00000000eb180000, 0x0000000100000000)
  eden space 3584K, 0% used [0x00000000eab00000,0x00000000eab00000,0x00000000eae80000)
  from space 1536K, 67% used [0x00000000eae80000,0x00000000eaf82950,0x00000000eb000000)
  to   space 1536K, 0% used [0x00000000eb000000,0x00000000eb000000,0x00000000eb180000)
 ParOldGen       total 284160K, used 283776K [0x00000000c0000000, 0x00000000d1580000, 0x00000000eab00000)
  object space 284160K, 99% used [0x00000000c0000000,0x00000000d15201d8,0x00000000d1580000)
 Metaspace       used 61306K, committed 62656K, reserved 1114112K
  class space    used 6372K, committed 6976K, reserved 1048576K
}
Event: 13.609 GC heap before
{Heap before GC invocations=353 (full 3):
 PSYoungGen      total 5120K, used 4618K [0x00000000eab00000, 0x00000000eb180000, 0x0000000100000000)
  eden space 3584K, 100% used [0x00000000eab00000,0x00000000eae80000,0x00000000eae80000)
  from space 1536K, 67% used [0x00000000eae80000,0x00000000eaf82950,0x00000000eb000000)
  to   space 1536K, 0% used [0x00000000eb000000,0x00000000eb000000,0x00000000eb180000)
 ParOldGen       total 284160K, used 283776K [0x00000000c0000000, 0x00000000d1580000, 0x00000000eab00000)
  object space 284160K, 99% used [0x00000000c0000000,0x00000000d15201d8,0x00000000d1580000)
 Metaspace       used 61337K, committed 62656K, reserved 1114112K
  class space    used 6375K, committed 6976K, reserved 1048576K
}
Event: 13.610 GC heap after
{Heap after GC invocations=353 (full 3):
 PSYoungGen      total 5120K, used 1120K [0x00000000eab00000, 0x00000000eb180000, 0x0000000100000000)
  eden space 3584K, 0% used [0x00000000eab00000,0x00000000eab00000,0x00000000eae80000)
  from space 1536K, 72% used [0x00000000eb000000,0x00000000eb118000,0x00000000eb180000)
  to   space 1536K, 0% used [0x00000000eae80000,0x00000000eae80000,0x00000000eb000000)
 ParOldGen       total 284672K, used 284568K [0x00000000c0000000, 0x00000000d1600000, 0x00000000eab00000)
  object space 284672K, 99% used [0x00000000c0000000,0x00000000d15e61e8,0x00000000d1600000)
 Metaspace       used 61337K, committed 62656K, reserved 1114112K
  class space    used 6375K, committed 6976K, reserved 1048576K
}
Event: 13.616 GC heap before
{Heap before GC invocations=354 (full 3):
 PSYoungGen      total 5120K, used 4704K [0x00000000eab00000, 0x00000000eb180000, 0x0000000100000000)
  eden space 3584K, 100% used [0x00000000eab00000,0x00000000eae80000,0x00000000eae80000)
  from space 1536K, 72% used [0x00000000eb000000,0x00000000eb118000,0x00000000eb180000)
  to   space 1536K, 0% used [0x00000000eae80000,0x00000000eae80000,0x00000000eb000000)
 ParOldGen       total 284672K, used 284568K [0x00000000c0000000, 0x00000000d1600000, 0x00000000eab00000)
  object space 284672K, 99% used [0x00000000c0000000,0x00000000d15e61e8,0x00000000d1600000)
 Metaspace       used 61373K, committed 62784K, reserved 1114112K
  class space    used 6383K, committed 7040K, reserved 1048576K
}

